<?xml version="1.0"?>
<!DOCTYPE coverage SYSTEM "http://cobertura.sourceforge.net/xml/coverage-04.dtd">

<coverage line-rate="0.7937956204379562" branch-rate="0.2988095238095238" lines-covered="870" lines-valid="1096" branches-covered="251" branches-valid="840" complexity="1.552112676056338" version="2.1.1" timestamp="1493302169574">
	<sources>
		<source>/home/r/repo/src/main/java</source>
		<source>--source</source>
		<source>/home/r/repo/target/generated-sources/annotations</source>
	</sources>
	<packages>
		<package name="com.jcabi.http" line-rate="0.9393939393939394" branch-rate="0.5" complexity="1.1951219512195121">
			<classes>
				<class name="com.jcabi.http.ImmutableHeader" filename="com/jcabi/http/ImmutableHeader.java" line-rate="0.9" branch-rate="0.39285714285714285" complexity="1.8333333333333333">
					<methods>
						<method name="&lt;init&gt;" signature="(Ljava/lang/String;Ljava/lang/String;)V" line-rate="1.0" branch-rate="1.0" complexity="0">
							<lines>
								<line number="64" hits="495" branch="false"/>
								<line number="65" hits="496" branch="false"/>
								<line number="66" hits="494" branch="false"/>
								<line number="67" hits="494" branch="false"/>
							</lines>
						</method>
						<method name="equals" signature="(Ljava/lang/Object;)Z" line-rate="1.0" branch-rate="1.0" complexity="0">
							<lines>
							</lines>
						</method>
						<method name="getKey" signature="()Ljava/lang/Object;" line-rate="1.0" branch-rate="1.0" complexity="0">
							<lines>
								<line number="44" hits="2578" branch="false"/>
							</lines>
						</method>
						<method name="getKey" signature="()Ljava/lang/String;" line-rate="1.0" branch-rate="1.0" complexity="0">
							<lines>
								<line number="71" hits="1444" branch="false"/>
							</lines>
						</method>
						<method name="getValue" signature="()Ljava/lang/Object;" line-rate="1.0" branch-rate="1.0" complexity="0">
							<lines>
							</lines>
						</method>
						<method name="getValue" signature="()Ljava/lang/String;" line-rate="1.0" branch-rate="1.0" complexity="0">
							<lines>
								<line number="76" hits="1134" branch="false"/>
							</lines>
						</method>
						<method name="hashCode" signature="()I" line-rate="1.0" branch-rate="0.2" complexity="0">
							<lines>
								<line number="46" hits="2" branch="true" condition-coverage="20% (4/20)">
									<conditions>
										<condition number="0" type="jump" coverage="50%"/>
										<condition number="1" type="jump" coverage="50%"/>
										<condition number="2" type="jump" coverage="50%"/>
										<condition number="3" type="jump" coverage="0%"/>
										<condition number="4" type="jump" coverage="50%"/>
										<condition number="5" type="jump" coverage="0%"/>
										<condition number="6" type="jump" coverage="0%"/>
										<condition number="7" type="jump" coverage="0%"/>
										<condition number="8" type="jump" coverage="0%"/>
										<condition number="9" type="jump" coverage="0%"/>
									</conditions>
								</line>
							</lines>
						</method>
						<method name="normalize" signature="(Ljava/lang/String;)Ljava/lang/String;" line-rate="1.0" branch-rate="1.0" complexity="0">
							<lines>
								<line number="90" hits="1194" branch="false"/>
								<line number="91" hits="1192" branch="false"/>
								<line number="92" hits="10612" branch="true" condition-coverage="100% (2/2)">
									<conditions>
										<condition number="0" type="jump" coverage="100%"/>
									</conditions>
								</line>
								<line number="93" hits="9415" branch="true" condition-coverage="100% (2/2)">
									<conditions>
										<condition number="0" type="jump" coverage="100%"/>
									</conditions>
								</line>
								<line number="94" hits="549" branch="false"/>
								<line number="97" hits="1193" branch="false"/>
							</lines>
						</method>
						<method name="setValue" signature="(Ljava/lang/Object;)Ljava/lang/Object;" line-rate="1.0" branch-rate="1.0" complexity="0">
							<lines>
							</lines>
						</method>
						<method name="setValue" signature="(Ljava/lang/String;)Ljava/lang/String;" line-rate="0.0" branch-rate="1.0" complexity="0">
							<lines>
								<line number="81" hits="0" branch="false"/>
							</lines>
						</method>
						<method name="toString" signature="()Ljava/lang/String;" line-rate="0.0" branch-rate="1.0" complexity="0">
							<lines>
								<line number="45" hits="0" branch="false"/>
							</lines>
						</method>
						<method name="upper" signature="(C)C" line-rate="1.0" branch-rate="0.75" complexity="0">
							<lines>
								<line number="107" hits="1744" branch="true" condition-coverage="75% (3/4)">
									<conditions>
										<condition number="0" type="jump" coverage="100%"/>
										<condition number="1" type="jump" coverage="50%"/>
									</conditions>
								</line>
								<line number="108" hits="1014" branch="false"/>
								<line number="110" hits="729" branch="false"/>
								<line number="112" hits="1741" branch="false"/>
							</lines>
						</method>
					</methods>
					<lines>
						<line number="44" hits="2578" branch="false"/>
						<line number="45" hits="0" branch="false"/>
						<line number="46" hits="2" branch="true" condition-coverage="20% (4/20)">
							<conditions>
								<condition number="0" type="jump" coverage="50%"/>
								<condition number="1" type="jump" coverage="50%"/>
								<condition number="2" type="jump" coverage="50%"/>
								<condition number="3" type="jump" coverage="0%"/>
								<condition number="4" type="jump" coverage="50%"/>
								<condition number="5" type="jump" coverage="0%"/>
								<condition number="6" type="jump" coverage="0%"/>
								<condition number="7" type="jump" coverage="0%"/>
								<condition number="8" type="jump" coverage="0%"/>
								<condition number="9" type="jump" coverage="0%"/>
							</conditions>
						</line>
						<line number="64" hits="495" branch="false"/>
						<line number="65" hits="496" branch="false"/>
						<line number="66" hits="494" branch="false"/>
						<line number="67" hits="494" branch="false"/>
						<line number="71" hits="1444" branch="false"/>
						<line number="76" hits="1134" branch="false"/>
						<line number="81" hits="0" branch="false"/>
						<line number="90" hits="1194" branch="false"/>
						<line number="91" hits="1192" branch="false"/>
						<line number="92" hits="10612" branch="true" condition-coverage="100% (2/2)">
							<conditions>
								<condition number="0" type="jump" coverage="100%"/>
							</conditions>
						</line>
						<line number="93" hits="9415" branch="true" condition-coverage="100% (2/2)">
							<conditions>
								<condition number="0" type="jump" coverage="100%"/>
							</conditions>
						</line>
						<line number="94" hits="549" branch="false"/>
						<line number="97" hits="1193" branch="false"/>
						<line number="107" hits="1744" branch="true" condition-coverage="75% (3/4)">
							<conditions>
								<condition number="0" type="jump" coverage="100%"/>
								<condition number="1" type="jump" coverage="50%"/>
							</conditions>
						</line>
						<line number="108" hits="1014" branch="false"/>
						<line number="110" hits="729" branch="false"/>
						<line number="112" hits="1741" branch="false"/>
					</lines>
				</class>
				<class name="com.jcabi.http.Request" filename="com/jcabi/http/Request.java" line-rate="1.0" branch-rate="1.0" complexity="1.0">
					<methods>
					</methods>
					<lines>
					</lines>
				</class>
				<class name="com.jcabi.http.RequestBody" filename="com/jcabi/http/RequestBody.java" line-rate="1.0" branch-rate="1.0" complexity="1.3333333333333333">
					<methods>
					</methods>
					<lines>
					</lines>
				</class>
				<class name="com.jcabi.http.RequestBody$Printable" filename="com/jcabi/http/RequestBody.java" line-rate="1.0" branch-rate="1.0" complexity="1.3333333333333333">
					<methods>
						<method name="&lt;clinit&gt;" signature="()V" line-rate="1.0" branch-rate="1.0" complexity="0">
							<lines>
								<line number="121" hits="1" branch="false"/>
							</lines>
						</method>
						<method name="&lt;init&gt;" signature="([B)V" line-rate="1.0" branch-rate="1.0" complexity="0">
							<lines>
								<line number="131" hits="221" branch="false"/>
								<line number="132" hits="221" branch="false"/>
								<line number="133" hits="221" branch="false"/>
							</lines>
						</method>
						<method name="toString" signature="()Ljava/lang/String;" line-rate="1.0" branch-rate="1.0" complexity="0">
							<lines>
								<line number="136" hits="221" branch="false"/>
								<line number="137" hits="221" branch="false"/>
								<line number="140" hits="221" branch="true" condition-coverage="100% (2/2)">
									<conditions>
										<condition number="0" type="jump" coverage="100%"/>
									</conditions>
								</line>
								<line number="141" hits="4365" branch="true" condition-coverage="100% (2/2)">
									<conditions>
										<condition number="0" type="jump" coverage="100%"/>
									</conditions>
								</line>
								<line number="143" hits="4238" branch="true" condition-coverage="100% (2/2)">
									<conditions>
										<condition number="0" type="jump" coverage="100%"/>
									</conditions>
								</line>
								<line number="144" hits="4207" branch="false"/>
								<line number="146" hits="31" branch="false"/>
								<line number="152" hits="94" branch="false"/>
								<line number="154" hits="221" branch="false"/>
							</lines>
						</method>
					</methods>
					<lines>
						<line number="121" hits="1" branch="false"/>
						<line number="131" hits="221" branch="false"/>
						<line number="132" hits="221" branch="false"/>
						<line number="133" hits="221" branch="false"/>
						<line number="136" hits="221" branch="false"/>
						<line number="137" hits="221" branch="false"/>
						<line number="140" hits="221" branch="true" condition-coverage="100% (2/2)">
							<conditions>
								<condition number="0" type="jump" coverage="100%"/>
							</conditions>
						</line>
						<line number="141" hits="4365" branch="true" condition-coverage="100% (2/2)">
							<conditions>
								<condition number="0" type="jump" coverage="100%"/>
							</conditions>
						</line>
						<line number="143" hits="4238" branch="true" condition-coverage="100% (2/2)">
							<conditions>
								<condition number="0" type="jump" coverage="100%"/>
							</conditions>
						</line>
						<line number="144" hits="4207" branch="false"/>
						<line number="146" hits="31" branch="false"/>
						<line number="152" hits="94" branch="false"/>
						<line number="154" hits="221" branch="false"/>
					</lines>
				</class>
				<class name="com.jcabi.http.RequestURI" filename="com/jcabi/http/RequestURI.java" line-rate="1.0" branch-rate="1.0" complexity="1.0">
					<methods>
					</methods>
					<lines>
					</lines>
				</class>
				<class name="com.jcabi.http.Response" filename="com/jcabi/http/Response.java" line-rate="1.0" branch-rate="1.0" complexity="1.0">
					<methods>
					</methods>
					<lines>
					</lines>
				</class>
				<class name="com.jcabi.http.Wire" filename="com/jcabi/http/Wire.java" line-rate="1.0" branch-rate="1.0" complexity="1.0">
					<methods>
					</methods>
					<lines>
					</lines>
				</class>
			</classes>
		</package>
		<package name="com.jcabi.http.mock" line-rate="0.8481012658227848" branch-rate="0.18181818181818182" complexity="1.3516483516483517">
			<classes>
				<class name="com.jcabi.http.mock.GrizzlyQuery" filename="com/jcabi/http/mock/GrizzlyQuery.java" line-rate="1.0" branch-rate="0.9" complexity="1.5555555555555556">
					<methods>
						<method name="&lt;clinit&gt;" signature="()V" line-rate="1.0" branch-rate="1.0" complexity="0">
							<lines>
								<line number="68" hits="1" branch="false"/>
							</lines>
						</method>
						<method name="&lt;init&gt;" signature="(Lcom/sun/grizzly/tcp/http11/GrizzlyRequest;)V" line-rate="1.0" branch-rate="1.0" complexity="0">
							<lines>
								<line number="96" hits="109" branch="false"/>
								<line number="97" hits="109" branch="false"/>
								<line number="98" hits="109" branch="false"/>
								<line number="99" hits="108" branch="false"/>
								<line number="100" hits="108" branch="false"/>
								<line number="102" hits="109" branch="false"/>
								<line number="103" hits="109" branch="false"/>
								<line number="104" hits="109" branch="false"/>
								<line number="105" hits="109" branch="true" condition-coverage="100% (2/2)">
									<conditions>
										<condition number="0" type="jump" coverage="100%"/>
									</conditions>
								</line>
								<line number="106" hits="15" branch="false"/>
								<line number="107" hits="15" branch="false"/>
								<line number="109" hits="108" branch="false"/>
								<line number="110" hits="108" branch="false"/>
							</lines>
						</method>
						<method name="binary" signature="()[B" line-rate="1.0" branch-rate="1.0" complexity="0">
							<lines>
								<line number="134" hits="1" branch="false"/>
							</lines>
						</method>
						<method name="body" signature="()Ljava/lang/String;" line-rate="1.0" branch-rate="1.0" complexity="0">
							<lines>
								<line number="129" hits="17" branch="false"/>
							</lines>
						</method>
						<method name="headers" signature="()Ljava/util/Map;" line-rate="1.0" branch-rate="1.0" complexity="0">
							<lines>
								<line number="124" hits="16" branch="false"/>
							</lines>
						</method>
						<method name="headers" signature="(Lcom/sun/grizzly/tcp/http11/GrizzlyRequest;)Lcom/jcabi/immutable/ArrayMap;" line-rate="1.0" branch-rate="1.0" complexity="0">
							<lines>
								<line number="158" hits="108" branch="false"/>
								<line number="160" hits="108" branch="false"/>
								<line number="161" hits="805" branch="true" condition-coverage="100% (2/2)">
									<conditions>
										<condition number="0" type="jump" coverage="100%"/>
									</conditions>
								</line>
								<line number="162" hits="697" branch="false"/>
								<line number="163" hits="697" branch="false"/>
								<line number="167" hits="696" branch="false"/>
								<line number="168" hits="109" branch="false"/>
							</lines>
						</method>
						<method name="headers" signature="(Lcom/sun/grizzly/tcp/http11/GrizzlyRequest;Ljava/lang/String;)Ljava/util/List;" line-rate="1.0" branch-rate="1.0" complexity="0">
							<lines>
								<line number="179" hits="697" branch="false"/>
								<line number="180" hits="697" branch="false"/>
								<line number="181" hits="1393" branch="true" condition-coverage="100% (2/2)">
									<conditions>
										<condition number="0" type="jump" coverage="100%"/>
									</conditions>
								</line>
								<line number="182" hits="696" branch="false"/>
								<line number="184" hits="696" branch="false"/>
							</lines>
						</method>
						<method name="method" signature="()Ljava/lang/String;" line-rate="1.0" branch-rate="1.0" complexity="0">
							<lines>
								<line number="119" hits="3" branch="false"/>
							</lines>
						</method>
						<method name="uri" signature="()Ljava/net/URI;" line-rate="1.0" branch-rate="1.0" complexity="0">
							<lines>
								<line number="114" hits="6" branch="false"/>
							</lines>
						</method>
						<method name="uri" signature="(Lcom/sun/grizzly/tcp/http11/GrizzlyRequest;)Ljava/lang/String;" line-rate="1.0" branch-rate="0.75" complexity="0">
							<lines>
								<line number="143" hits="109" branch="false"/>
								<line number="144" hits="108" branch="false"/>
								<line number="145" hits="109" branch="true" condition-coverage="75% (3/4)">
									<conditions>
										<condition number="0" type="jump" coverage="100%"/>
										<condition number="1" type="jump" coverage="50%"/>
									</conditions>
								</line>
								<line number="146" hits="4" branch="false"/>
								<line number="148" hits="108" branch="false"/>
							</lines>
						</method>
					</methods>
					<lines>
						<line number="68" hits="1" branch="false"/>
						<line number="96" hits="109" branch="false"/>
						<line number="97" hits="109" branch="false"/>
						<line number="98" hits="109" branch="false"/>
						<line number="99" hits="108" branch="false"/>
						<line number="100" hits="108" branch="false"/>
						<line number="102" hits="109" branch="false"/>
						<line number="103" hits="109" branch="false"/>
						<line number="104" hits="109" branch="false"/>
						<line number="105" hits="109" branch="true" condition-coverage="100% (2/2)">
							<conditions>
								<condition number="0" type="jump" coverage="100%"/>
							</conditions>
						</line>
						<line number="106" hits="15" branch="false"/>
						<line number="107" hits="15" branch="false"/>
						<line number="109" hits="108" branch="false"/>
						<line number="110" hits="108" branch="false"/>
						<line number="114" hits="6" branch="false"/>
						<line number="119" hits="3" branch="false"/>
						<line number="124" hits="16" branch="false"/>
						<line number="129" hits="17" branch="false"/>
						<line number="134" hits="1" branch="false"/>
						<line number="143" hits="109" branch="false"/>
						<line number="144" hits="108" branch="false"/>
						<line number="145" hits="109" branch="true" condition-coverage="75% (3/4)">
							<conditions>
								<condition number="0" type="jump" coverage="100%"/>
								<condition number="1" type="jump" coverage="50%"/>
							</conditions>
						</line>
						<line number="146" hits="4" branch="false"/>
						<line number="148" hits="108" branch="false"/>
						<line number="158" hits="108" branch="false"/>
						<line number="160" hits="108" branch="false"/>
						<line number="161" hits="805" branch="true" condition-coverage="100% (2/2)">
							<conditions>
								<condition number="0" type="jump" coverage="100%"/>
							</conditions>
						</line>
						<line number="162" hits="697" branch="false"/>
						<line number="163" hits="697" branch="false"/>
						<line number="167" hits="696" branch="false"/>
						<line number="168" hits="109" branch="false"/>
						<line number="179" hits="697" branch="false"/>
						<line number="180" hits="697" branch="false"/>
						<line number="181" hits="1393" branch="true" condition-coverage="100% (2/2)">
							<conditions>
								<condition number="0" type="jump" coverage="100%"/>
							</conditions>
						</line>
						<line number="182" hits="696" branch="false"/>
						<line number="184" hits="696" branch="false"/>
					</lines>
				</class>
				<class name="com.jcabi.http.mock.MkAnswer" filename="com/jcabi/http/mock/MkAnswer.java" line-rate="1.0" branch-rate="1.0" complexity="1.1176470588235294">
					<methods>
					</methods>
					<lines>
					</lines>
				</class>
				<class name="com.jcabi.http.mock.MkAnswer$Simple" filename="com/jcabi/http/mock/MkAnswer.java" line-rate="0.7741935483870968" branch-rate="0.1" complexity="1.1176470588235294">
					<methods>
						<method name="&lt;clinit&gt;" signature="()V" line-rate="1.0" branch-rate="1.0" complexity="0">
							<lines>
								<line number="92" hits="1" branch="false"/>
							</lines>
						</method>
						<method name="&lt;init&gt;" signature="(I)V" line-rate="1.0" branch-rate="1.0" complexity="0">
							<lines>
								<line number="119" hits="9" branch="false"/>
								<line number="120" hits="9" branch="false"/>
							</lines>
						</method>
						<method name="&lt;init&gt;" signature="(ILjava/lang/Iterable;[B)V" line-rate="1.0" branch-rate="1.0" complexity="0">
							<lines>
								<line number="140" hits="121" branch="false"/>
								<line number="141" hits="121" branch="false"/>
								<line number="142" hits="121" branch="false"/>
								<line number="143" hits="121" branch="false"/>
								<line number="144" hits="121" branch="false"/>
							</lines>
						</method>
						<method name="&lt;init&gt;" signature="(ILjava/lang/String;)V" line-rate="1.0" branch-rate="1.0" complexity="0">
							<lines>
								<line number="127" hits="89" branch="false"/>
								<line number="131" hits="89" branch="false"/>
							</lines>
						</method>
						<method name="&lt;init&gt;" signature="(Ljava/lang/String;)V" line-rate="1.0" branch-rate="1.0" complexity="0">
							<lines>
								<line number="111" hits="72" branch="false"/>
								<line number="112" hits="72" branch="false"/>
							</lines>
						</method>
						<method name="body" signature="()Ljava/lang/String;" line-rate="1.0" branch-rate="1.0" complexity="0">
							<lines>
								<line number="162" hits="4" branch="false"/>
							</lines>
						</method>
						<method name="bodyBytes" signature="()[B" line-rate="1.0" branch-rate="1.0" complexity="0">
							<lines>
								<line number="166" hits="106" branch="false"/>
							</lines>
						</method>
						<method name="equals" signature="(Ljava/lang/Object;)Z" line-rate="1.0" branch-rate="1.0" complexity="0">
							<lines>
							</lines>
						</method>
						<method name="hashCode" signature="()I" line-rate="0.0" branch-rate="0.0" complexity="0">
							<lines>
								<line number="86" hits="0" branch="true" condition-coverage="0% (0/16)">
									<conditions>
										<condition number="0" type="jump" coverage="0%"/>
										<condition number="1" type="jump" coverage="0%"/>
										<condition number="2" type="jump" coverage="0%"/>
										<condition number="3" type="jump" coverage="0%"/>
										<condition number="4" type="jump" coverage="0%"/>
										<condition number="5" type="jump" coverage="0%"/>
										<condition number="6" type="jump" coverage="0%"/>
										<condition number="7" type="jump" coverage="0%"/>
									</conditions>
								</line>
							</lines>
						</method>
						<method name="headers" signature="()Ljava/util/Map;" line-rate="1.0" branch-rate="1.0" complexity="0">
							<lines>
								<line number="152" hits="132" branch="false"/>
								<line number="154" hits="132" branch="true" condition-coverage="100% (2/2)">
									<conditions>
										<condition number="0" type="jump" coverage="100%"/>
									</conditions>
								</line>
								<line number="155" hits="66" branch="false"/>
								<line number="156" hits="66" branch="false"/>
								<line number="157" hits="66" branch="false"/>
								<line number="158" hits="132" branch="false"/>
							</lines>
						</method>
						<method name="status" signature="()I" line-rate="1.0" branch-rate="1.0" complexity="0">
							<lines>
								<line number="147" hits="106" branch="false"/>
							</lines>
						</method>
						<method name="toString" signature="()Ljava/lang/String;" line-rate="0.0" branch-rate="0.0" complexity="0">
							<lines>
								<line number="170" hits="0" branch="false"/>
								<line number="172" hits="0" branch="true" condition-coverage="0% (0/2)">
									<conditions>
										<condition number="0" type="jump" coverage="0%"/>
									</conditions>
								</line>
								<line number="173" hits="0" branch="false"/>
								<line number="180" hits="0" branch="false"/>
								<line number="181" hits="0" branch="false"/>
							</lines>
						</method>
						<method name="withBody" signature="(Ljava/lang/String;)Lcom/jcabi/http/mock/MkAnswer$Simple;" line-rate="0.0" branch-rate="1.0" complexity="0">
							<lines>
								<line number="217" hits="0" branch="false"/>
							</lines>
						</method>
						<method name="withBody" signature="([B)Lcom/jcabi/http/mock/MkAnswer$Simple;" line-rate="1.0" branch-rate="1.0" complexity="0">
							<lines>
								<line number="229" hits="1" branch="false"/>
							</lines>
						</method>
						<method name="withHeader" signature="(Ljava/lang/String;Ljava/lang/String;)Lcom/jcabi/http/mock/MkAnswer$Simple;" line-rate="1.0" branch-rate="1.0" complexity="0">
							<lines>
								<line number="193" hits="21" branch="false"/>
							</lines>
						</method>
						<method name="withStatus" signature="(I)Lcom/jcabi/http/mock/MkAnswer$Simple;" line-rate="1.0" branch-rate="1.0" complexity="0">
							<lines>
								<line number="205" hits="3" branch="false"/>
							</lines>
						</method>
					</methods>
					<lines>
						<line number="86" hits="0" branch="true" condition-coverage="0% (0/16)">
							<conditions>
								<condition number="0" type="jump" coverage="0%"/>
								<condition number="1" type="jump" coverage="0%"/>
								<condition number="2" type="jump" coverage="0%"/>
								<condition number="3" type="jump" coverage="0%"/>
								<condition number="4" type="jump" coverage="0%"/>
								<condition number="5" type="jump" coverage="0%"/>
								<condition number="6" type="jump" coverage="0%"/>
								<condition number="7" type="jump" coverage="0%"/>
							</conditions>
						</line>
						<line number="92" hits="1" branch="false"/>
						<line number="111" hits="72" branch="false"/>
						<line number="112" hits="72" branch="false"/>
						<line number="119" hits="9" branch="false"/>
						<line number="120" hits="9" branch="false"/>
						<line number="127" hits="89" branch="false"/>
						<line number="131" hits="89" branch="false"/>
						<line number="140" hits="121" branch="false"/>
						<line number="141" hits="121" branch="false"/>
						<line number="142" hits="121" branch="false"/>
						<line number="143" hits="121" branch="false"/>
						<line number="144" hits="121" branch="false"/>
						<line number="147" hits="106" branch="false"/>
						<line number="152" hits="132" branch="false"/>
						<line number="154" hits="132" branch="true" condition-coverage="100% (2/2)">
							<conditions>
								<condition number="0" type="jump" coverage="100%"/>
							</conditions>
						</line>
						<line number="155" hits="66" branch="false"/>
						<line number="156" hits="66" branch="false"/>
						<line number="157" hits="66" branch="false"/>
						<line number="158" hits="132" branch="false"/>
						<line number="162" hits="4" branch="false"/>
						<line number="166" hits="106" branch="false"/>
						<line number="170" hits="0" branch="false"/>
						<line number="172" hits="0" branch="true" condition-coverage="0% (0/2)">
							<conditions>
								<condition number="0" type="jump" coverage="0%"/>
							</conditions>
						</line>
						<line number="173" hits="0" branch="false"/>
						<line number="180" hits="0" branch="false"/>
						<line number="181" hits="0" branch="false"/>
						<line number="193" hits="21" branch="false"/>
						<line number="205" hits="3" branch="false"/>
						<line number="217" hits="0" branch="false"/>
						<line number="229" hits="1" branch="false"/>
					</lines>
				</class>
				<class name="com.jcabi.http.mock.MkAnswerBodyBytesMatcher" filename="com/jcabi/http/mock/MkAnswerBodyBytesMatcher.java" line-rate="0.625" branch-rate="0.0" complexity="1.0">
					<methods>
						<method name="&lt;init&gt;" signature="(Lorg/hamcrest/Matcher;)V" line-rate="1.0" branch-rate="1.0" complexity="0">
							<lines>
								<line number="57" hits="1" branch="false"/>
								<line number="58" hits="1" branch="false"/>
								<line number="59" hits="1" branch="false"/>
							</lines>
						</method>
						<method name="canEqual" signature="(Ljava/lang/Object;)Z" line-rate="1.0" branch-rate="1.0" complexity="0">
							<lines>
							</lines>
						</method>
						<method name="describeTo" signature="(Lorg/hamcrest/Description;)V" line-rate="0.0" branch-rate="1.0" complexity="0">
							<lines>
								<line number="63" hits="0" branch="false"/>
								<line number="66" hits="0" branch="false"/>
							</lines>
						</method>
						<method name="equals" signature="(Ljava/lang/Object;)Z" line-rate="1.0" branch-rate="1.0" complexity="0">
							<lines>
							</lines>
						</method>
						<method name="hashCode" signature="()I" line-rate="0.0" branch-rate="0.0" complexity="0">
							<lines>
								<line number="45" hits="0" branch="true" condition-coverage="0% (0/14)">
									<conditions>
										<condition number="0" type="jump" coverage="0%"/>
										<condition number="1" type="jump" coverage="0%"/>
										<condition number="2" type="jump" coverage="0%"/>
										<condition number="3" type="jump" coverage="0%"/>
										<condition number="4" type="jump" coverage="0%"/>
										<condition number="5" type="jump" coverage="0%"/>
										<condition number="6" type="jump" coverage="0%"/>
									</conditions>
								</line>
							</lines>
						</method>
						<method name="matchesSafely" signature="(Lcom/jcabi/http/mock/MkAnswer;)Z" line-rate="1.0" branch-rate="1.0" complexity="0">
							<lines>
								<line number="70" hits="1" branch="false"/>
							</lines>
						</method>
						<method name="matchesSafely" signature="(Ljava/lang/Object;)Z" line-rate="1.0" branch-rate="1.0" complexity="0">
							<lines>
								<line number="44" hits="1" branch="false"/>
							</lines>
						</method>
						<method name="toString" signature="()Ljava/lang/String;" line-rate="1.0" branch-rate="1.0" complexity="0">
							<lines>
							</lines>
						</method>
					</methods>
					<lines>
						<line number="44" hits="1" branch="false"/>
						<line number="45" hits="0" branch="true" condition-coverage="0% (0/14)">
							<conditions>
								<condition number="0" type="jump" coverage="0%"/>
								<condition number="1" type="jump" coverage="0%"/>
								<condition number="2" type="jump" coverage="0%"/>
								<condition number="3" type="jump" coverage="0%"/>
								<condition number="4" type="jump" coverage="0%"/>
								<condition number="5" type="jump" coverage="0%"/>
								<condition number="6" type="jump" coverage="0%"/>
							</conditions>
						</line>
						<line number="57" hits="1" branch="false"/>
						<line number="58" hits="1" branch="false"/>
						<line number="59" hits="1" branch="false"/>
						<line number="63" hits="0" branch="false"/>
						<line number="66" hits="0" branch="false"/>
						<line number="70" hits="1" branch="false"/>
					</lines>
				</class>
				<class name="com.jcabi.http.mock.MkAnswerBodyMatcher" filename="com/jcabi/http/mock/MkAnswerBodyMatcher.java" line-rate="0.625" branch-rate="0.0" complexity="1.0">
					<methods>
						<method name="&lt;init&gt;" signature="(Lorg/hamcrest/Matcher;)V" line-rate="1.0" branch-rate="1.0" complexity="0">
							<lines>
								<line number="56" hits="3" branch="false"/>
								<line number="57" hits="3" branch="false"/>
								<line number="58" hits="3" branch="false"/>
							</lines>
						</method>
						<method name="canEqual" signature="(Ljava/lang/Object;)Z" line-rate="1.0" branch-rate="1.0" complexity="0">
							<lines>
							</lines>
						</method>
						<method name="describeTo" signature="(Lorg/hamcrest/Description;)V" line-rate="0.0" branch-rate="1.0" complexity="0">
							<lines>
								<line number="62" hits="0" branch="false"/>
								<line number="65" hits="0" branch="false"/>
							</lines>
						</method>
						<method name="equals" signature="(Ljava/lang/Object;)Z" line-rate="1.0" branch-rate="1.0" complexity="0">
							<lines>
							</lines>
						</method>
						<method name="hashCode" signature="()I" line-rate="0.0" branch-rate="0.0" complexity="0">
							<lines>
								<line number="44" hits="0" branch="true" condition-coverage="0% (0/14)">
									<conditions>
										<condition number="0" type="jump" coverage="0%"/>
										<condition number="1" type="jump" coverage="0%"/>
										<condition number="2" type="jump" coverage="0%"/>
										<condition number="3" type="jump" coverage="0%"/>
										<condition number="4" type="jump" coverage="0%"/>
										<condition number="5" type="jump" coverage="0%"/>
										<condition number="6" type="jump" coverage="0%"/>
									</conditions>
								</line>
							</lines>
						</method>
						<method name="matchesSafely" signature="(Lcom/jcabi/http/mock/MkAnswer;)Z" line-rate="1.0" branch-rate="1.0" complexity="0">
							<lines>
								<line number="69" hits="5" branch="false"/>
							</lines>
						</method>
						<method name="matchesSafely" signature="(Ljava/lang/Object;)Z" line-rate="1.0" branch-rate="1.0" complexity="0">
							<lines>
								<line number="43" hits="5" branch="false"/>
							</lines>
						</method>
						<method name="toString" signature="()Ljava/lang/String;" line-rate="1.0" branch-rate="1.0" complexity="0">
							<lines>
							</lines>
						</method>
					</methods>
					<lines>
						<line number="43" hits="5" branch="false"/>
						<line number="44" hits="0" branch="true" condition-coverage="0% (0/14)">
							<conditions>
								<condition number="0" type="jump" coverage="0%"/>
								<condition number="1" type="jump" coverage="0%"/>
								<condition number="2" type="jump" coverage="0%"/>
								<condition number="3" type="jump" coverage="0%"/>
								<condition number="4" type="jump" coverage="0%"/>
								<condition number="5" type="jump" coverage="0%"/>
								<condition number="6" type="jump" coverage="0%"/>
							</conditions>
						</line>
						<line number="56" hits="3" branch="false"/>
						<line number="57" hits="3" branch="false"/>
						<line number="58" hits="3" branch="false"/>
						<line number="62" hits="0" branch="false"/>
						<line number="65" hits="0" branch="false"/>
						<line number="69" hits="5" branch="false"/>
					</lines>
				</class>
				<class name="com.jcabi.http.mock.MkAnswerHeaderMatcher" filename="com/jcabi/http/mock/MkAnswerHeaderMatcher.java" line-rate="0.6666666666666666" branch-rate="0.07692307692307693" complexity="1.3333333333333333">
					<methods>
						<method name="&lt;init&gt;" signature="(Ljava/lang/String;Lorg/hamcrest/Matcher;)V" line-rate="1.0" branch-rate="1.0" complexity="0">
							<lines>
								<line number="63" hits="1" branch="false"/>
								<line number="64" hits="1" branch="false"/>
								<line number="65" hits="1" branch="false"/>
								<line number="66" hits="1" branch="false"/>
							</lines>
						</method>
						<method name="canEqual" signature="(Ljava/lang/Object;)Z" line-rate="1.0" branch-rate="1.0" complexity="0">
							<lines>
							</lines>
						</method>
						<method name="describeTo" signature="(Lorg/hamcrest/Description;)V" line-rate="0.0" branch-rate="1.0" complexity="0">
							<lines>
								<line number="70" hits="0" branch="false"/>
								<line number="75" hits="0" branch="false"/>
							</lines>
						</method>
						<method name="equals" signature="(Ljava/lang/Object;)Z" line-rate="1.0" branch-rate="1.0" complexity="0">
							<lines>
							</lines>
						</method>
						<method name="hashCode" signature="()I" line-rate="0.0" branch-rate="0.0" complexity="0">
							<lines>
								<line number="44" hits="0" branch="true" condition-coverage="0% (0/22)">
									<conditions>
										<condition number="0" type="jump" coverage="0%"/>
										<condition number="1" type="jump" coverage="0%"/>
										<condition number="2" type="jump" coverage="0%"/>
										<condition number="3" type="jump" coverage="0%"/>
										<condition number="4" type="jump" coverage="0%"/>
										<condition number="5" type="jump" coverage="0%"/>
										<condition number="6" type="jump" coverage="0%"/>
										<condition number="7" type="jump" coverage="0%"/>
										<condition number="8" type="jump" coverage="0%"/>
										<condition number="9" type="jump" coverage="0%"/>
										<condition number="10" type="jump" coverage="0%"/>
									</conditions>
								</line>
							</lines>
						</method>
						<method name="matchesSafely" signature="(Lcom/jcabi/http/mock/MkAnswer;)Z" line-rate="1.0" branch-rate="0.5" complexity="0">
							<lines>
								<line number="79" hits="1" branch="true" condition-coverage="50% (2/4)">
									<conditions>
										<condition number="0" type="jump" coverage="50%"/>
										<condition number="1" type="jump" coverage="50%"/>
									</conditions>
								</line>
							</lines>
						</method>
						<method name="matchesSafely" signature="(Ljava/lang/Object;)Z" line-rate="1.0" branch-rate="1.0" complexity="0">
							<lines>
								<line number="43" hits="1" branch="false"/>
							</lines>
						</method>
						<method name="toString" signature="()Ljava/lang/String;" line-rate="1.0" branch-rate="1.0" complexity="0">
							<lines>
							</lines>
						</method>
					</methods>
					<lines>
						<line number="43" hits="1" branch="false"/>
						<line number="44" hits="0" branch="true" condition-coverage="0% (0/22)">
							<conditions>
								<condition number="0" type="jump" coverage="0%"/>
								<condition number="1" type="jump" coverage="0%"/>
								<condition number="2" type="jump" coverage="0%"/>
								<condition number="3" type="jump" coverage="0%"/>
								<condition number="4" type="jump" coverage="0%"/>
								<condition number="5" type="jump" coverage="0%"/>
								<condition number="6" type="jump" coverage="0%"/>
								<condition number="7" type="jump" coverage="0%"/>
								<condition number="8" type="jump" coverage="0%"/>
								<condition number="9" type="jump" coverage="0%"/>
								<condition number="10" type="jump" coverage="0%"/>
							</conditions>
						</line>
						<line number="63" hits="1" branch="false"/>
						<line number="64" hits="1" branch="false"/>
						<line number="65" hits="1" branch="false"/>
						<line number="66" hits="1" branch="false"/>
						<line number="70" hits="0" branch="false"/>
						<line number="75" hits="0" branch="false"/>
						<line number="79" hits="1" branch="true" condition-coverage="50% (2/4)">
							<conditions>
								<condition number="0" type="jump" coverage="50%"/>
								<condition number="1" type="jump" coverage="50%"/>
							</conditions>
						</line>
					</lines>
				</class>
				<class name="com.jcabi.http.mock.MkAnswerMatchers" filename="com/jcabi/http/mock/MkAnswerMatchers.java" line-rate="0.6" branch-rate="1.0" complexity="1.0">
					<methods>
						<method name="&lt;init&gt;" signature="()V" line-rate="0.0" branch-rate="1.0" complexity="0">
							<lines>
								<line number="43" hits="0" branch="false"/>
								<line number="45" hits="0" branch="false"/>
							</lines>
						</method>
						<method name="hasBody" signature="(Lorg/hamcrest/Matcher;)Lorg/hamcrest/Matcher;" line-rate="1.0" branch-rate="1.0" complexity="0">
							<lines>
								<line number="54" hits="3" branch="false"/>
							</lines>
						</method>
						<method name="hasBodyBytes" signature="(Lorg/hamcrest/Matcher;)Lorg/hamcrest/Matcher;" line-rate="1.0" branch-rate="1.0" complexity="0">
							<lines>
								<line number="65" hits="1" branch="false"/>
							</lines>
						</method>
						<method name="hasHeader" signature="(Ljava/lang/String;Lorg/hamcrest/Matcher;)Lorg/hamcrest/Matcher;" line-rate="1.0" branch-rate="1.0" complexity="0">
							<lines>
								<line number="79" hits="1" branch="false"/>
							</lines>
						</method>
					</methods>
					<lines>
						<line number="43" hits="0" branch="false"/>
						<line number="45" hits="0" branch="false"/>
						<line number="54" hits="3" branch="false"/>
						<line number="65" hits="1" branch="false"/>
						<line number="79" hits="1" branch="false"/>
					</lines>
				</class>
				<class name="com.jcabi.http.mock.MkContainer" filename="com/jcabi/http/mock/MkContainer.java" line-rate="1.0" branch-rate="1.0" complexity="1.0">
					<methods>
					</methods>
					<lines>
					</lines>
				</class>
				<class name="com.jcabi.http.mock.MkGrizzlyAdapter" filename="com/jcabi/http/mock/MkGrizzlyAdapter.java" line-rate="0.9264705882352942" branch-rate="0.8333333333333334" complexity="2.4285714285714284">
					<methods>
						<method name="&lt;init&gt;" signature="()V" line-rate="1.0" branch-rate="1.0" complexity="0">
							<lines>
								<line number="59" hits="66" branch="false"/>
								<line number="69" hits="66" branch="false"/>
								<line number="75" hits="66" branch="false"/>
								<line number="299" hits="66" branch="false"/>
							</lines>
						</method>
						<method name="fail" signature="(Lcom/sun/grizzly/tcp/http11/GrizzlyResponse;Ljava/lang/Throwable;)V" line-rate="0.7777777777777778" branch-rate="1.0" complexity="0">
							<lines>
								<line number="218" hits="1" branch="false"/>
								<line number="221" hits="1" branch="false"/>
								<line number="227" hits="0" branch="false"/>
								<line number="228" hits="0" branch="false"/>
								<line number="229" hits="1" branch="false"/>
								<line number="231" hits="1" branch="false"/>
								<line number="233" hits="1" branch="false"/>
								<line number="234" hits="1" branch="false"/>
								<line number="235" hits="1" branch="false"/>
							</lines>
						</method>
						<method name="next" signature="(Lcom/jcabi/http/mock/MkAnswer;Lorg/hamcrest/Matcher;I)V" line-rate="1.0" branch-rate="1.0" complexity="0">
							<lines>
								<line number="143" hits="96" branch="false"/>
								<line number="144" hits="96" branch="false"/>
							</lines>
						</method>
						<method name="queries" signature="()I" line-rate="1.0" branch-rate="1.0" complexity="0">
							<lines>
								<line number="208" hits="10" branch="false"/>
							</lines>
						</method>
						<method name="service" signature="(Lcom/sun/grizzly/tcp/http11/GrizzlyRequest;Lcom/sun/grizzly/tcp/http11/GrizzlyResponse;)V" line-rate="1.0" branch-rate="1.0" complexity="0">
							<lines>
								<line number="91" hits="107" branch="false"/>
								<line number="92" hits="108" branch="false"/>
								<line number="93" hits="107" branch="false"/>
								<line number="94" hits="108" branch="true" condition-coverage="100% (2/2)">
									<conditions>
										<condition number="0" type="jump" coverage="100%"/>
									</conditions>
								</line>
								<line number="95" hits="108" branch="false"/>
								<line number="96" hits="108" branch="true" condition-coverage="100% (2/2)">
									<conditions>
										<condition number="0" type="jump" coverage="100%"/>
									</conditions>
								</line>
								<line number="97" hits="107" branch="false"/>
								<line number="98" hits="107" branch="false"/>
								<line number="99" hits="107" branch="false"/>
								<line number="100" hits="107" branch="true" condition-coverage="100% (2/2)">
									<conditions>
										<condition number="0" type="jump" coverage="100%"/>
									</conditions>
								</line>
								<line number="102" hits="25" branch="true" condition-coverage="100% (2/2)">
									<conditions>
										<condition number="0" type="jump" coverage="100%"/>
									</conditions>
								</line>
								<line number="103" hits="29" branch="false"/>
								<line number="104" hits="29" branch="false"/>
								<line number="105" hits="25" branch="false"/>
								<line number="106" hits="107" branch="false"/>
								<line number="114" hits="106" branch="false"/>
								<line number="115" hits="106" branch="false"/>
								<line number="116" hits="106" branch="false"/>
								<line number="117" hits="106" branch="false"/>
								<line number="118" hits="106" branch="true" condition-coverage="100% (2/2)">
									<conditions>
										<condition number="0" type="jump" coverage="100%"/>
									</conditions>
								</line>
								<line number="119" hits="88" branch="false"/>
								<line number="123" hits="2" branch="false"/>
								<line number="124" hits="107" branch="true" condition-coverage="100% (2/2)">
									<conditions>
										<condition number="0" type="jump" coverage="100%"/>
									</conditions>
								</line>
								<line number="125" hits="1" branch="false"/>
								<line number="128" hits="1" branch="false"/>
								<line number="129" hits="1" branch="false"/>
								<line number="130" hits="106" branch="false"/>
								<line number="131" hits="107" branch="false"/>
							</lines>
						</method>
						<method name="take" signature="()Lcom/jcabi/http/mock/MkQuery;" line-rate="1.0" branch-rate="1.0" complexity="0">
							<lines>
								<line number="151" hits="27" branch="false"/>
							</lines>
						</method>
						<method name="take" signature="(Lorg/hamcrest/Matcher;)Lcom/jcabi/http/mock/MkQuery;" line-rate="0.8333333333333334" branch-rate="0.5" complexity="0">
							<lines>
								<line number="162" hits="1" branch="false"/>
								<line number="163" hits="1" branch="false"/>
								<line number="164" hits="1" branch="true" condition-coverage="50% (1/2)">
									<conditions>
										<condition number="0" type="jump" coverage="50%"/>
									</conditions>
								</line>
								<line number="165" hits="1" branch="false"/>
								<line number="166" hits="1" branch="true" condition-coverage="50% (1/2)">
									<conditions>
										<condition number="0" type="jump" coverage="50%"/>
									</conditions>
								</line>
								<line number="167" hits="1" branch="false"/>
								<line number="168" hits="1" branch="false"/>
								<line number="169" hits="1" branch="false"/>
								<line number="171" hits="0" branch="false"/>
								<line number="172" hits="1" branch="true" condition-coverage="50% (1/2)">
									<conditions>
										<condition number="0" type="jump" coverage="50%"/>
									</conditions>
								</line>
								<line number="174" hits="0" branch="false"/>
								<line number="176" hits="1" branch="false"/>
							</lines>
						</method>
						<method name="takeAll" signature="(Lorg/hamcrest/Matcher;)Ljava/util/Collection;" line-rate="0.9090909090909091" branch-rate="0.8333333333333334" complexity="0">
							<lines>
								<line number="188" hits="3" branch="false"/>
								<line number="189" hits="3" branch="false"/>
								<line number="190" hits="12" branch="true" condition-coverage="100% (2/2)">
									<conditions>
										<condition number="0" type="jump" coverage="100%"/>
									</conditions>
								</line>
								<line number="191" hits="9" branch="false"/>
								<line number="192" hits="9" branch="true" condition-coverage="100% (2/2)">
									<conditions>
										<condition number="0" type="jump" coverage="100%"/>
									</conditions>
								</line>
								<line number="193" hits="8" branch="false"/>
								<line number="194" hits="8" branch="false"/>
								<line number="196" hits="9" branch="false"/>
								<line number="197" hits="3" branch="true" condition-coverage="50% (1/2)">
									<conditions>
										<condition number="0" type="jump" coverage="50%"/>
									</conditions>
								</line>
								<line number="198" hits="0" branch="false"/>
								<line number="200" hits="3" branch="false"/>
							</lines>
						</method>
					</methods>
					<lines>
						<line number="59" hits="66" branch="false"/>
						<line number="69" hits="66" branch="false"/>
						<line number="75" hits="66" branch="false"/>
						<line number="91" hits="107" branch="false"/>
						<line number="92" hits="108" branch="false"/>
						<line number="93" hits="107" branch="false"/>
						<line number="94" hits="108" branch="true" condition-coverage="100% (2/2)">
							<conditions>
								<condition number="0" type="jump" coverage="100%"/>
							</conditions>
						</line>
						<line number="95" hits="108" branch="false"/>
						<line number="96" hits="108" branch="true" condition-coverage="100% (2/2)">
							<conditions>
								<condition number="0" type="jump" coverage="100%"/>
							</conditions>
						</line>
						<line number="97" hits="107" branch="false"/>
						<line number="98" hits="107" branch="false"/>
						<line number="99" hits="107" branch="false"/>
						<line number="100" hits="107" branch="true" condition-coverage="100% (2/2)">
							<conditions>
								<condition number="0" type="jump" coverage="100%"/>
							</conditions>
						</line>
						<line number="102" hits="25" branch="true" condition-coverage="100% (2/2)">
							<conditions>
								<condition number="0" type="jump" coverage="100%"/>
							</conditions>
						</line>
						<line number="103" hits="29" branch="false"/>
						<line number="104" hits="29" branch="false"/>
						<line number="105" hits="25" branch="false"/>
						<line number="106" hits="107" branch="false"/>
						<line number="114" hits="106" branch="false"/>
						<line number="115" hits="106" branch="false"/>
						<line number="116" hits="106" branch="false"/>
						<line number="117" hits="106" branch="false"/>
						<line number="118" hits="106" branch="true" condition-coverage="100% (2/2)">
							<conditions>
								<condition number="0" type="jump" coverage="100%"/>
							</conditions>
						</line>
						<line number="119" hits="88" branch="false"/>
						<line number="123" hits="2" branch="false"/>
						<line number="124" hits="107" branch="true" condition-coverage="100% (2/2)">
							<conditions>
								<condition number="0" type="jump" coverage="100%"/>
							</conditions>
						</line>
						<line number="125" hits="1" branch="false"/>
						<line number="128" hits="1" branch="false"/>
						<line number="129" hits="1" branch="false"/>
						<line number="130" hits="106" branch="false"/>
						<line number="131" hits="107" branch="false"/>
						<line number="143" hits="96" branch="false"/>
						<line number="144" hits="96" branch="false"/>
						<line number="151" hits="27" branch="false"/>
						<line number="162" hits="1" branch="false"/>
						<line number="163" hits="1" branch="false"/>
						<line number="164" hits="1" branch="true" condition-coverage="50% (1/2)">
							<conditions>
								<condition number="0" type="jump" coverage="50%"/>
							</conditions>
						</line>
						<line number="165" hits="1" branch="false"/>
						<line number="166" hits="1" branch="true" condition-coverage="50% (1/2)">
							<conditions>
								<condition number="0" type="jump" coverage="50%"/>
							</conditions>
						</line>
						<line number="167" hits="1" branch="false"/>
						<line number="168" hits="1" branch="false"/>
						<line number="169" hits="1" branch="false"/>
						<line number="171" hits="0" branch="false"/>
						<line number="172" hits="1" branch="true" condition-coverage="50% (1/2)">
							<conditions>
								<condition number="0" type="jump" coverage="50%"/>
							</conditions>
						</line>
						<line number="174" hits="0" branch="false"/>
						<line number="176" hits="1" branch="false"/>
						<line number="188" hits="3" branch="false"/>
						<line number="189" hits="3" branch="false"/>
						<line number="190" hits="12" branch="true" condition-coverage="100% (2/2)">
							<conditions>
								<condition number="0" type="jump" coverage="100%"/>
							</conditions>
						</line>
						<line number="191" hits="9" branch="false"/>
						<line number="192" hits="9" branch="true" condition-coverage="100% (2/2)">
							<conditions>
								<condition number="0" type="jump" coverage="100%"/>
							</conditions>
						</line>
						<line number="193" hits="8" branch="false"/>
						<line number="194" hits="8" branch="false"/>
						<line number="196" hits="9" branch="false"/>
						<line number="197" hits="3" branch="true" condition-coverage="50% (1/2)">
							<conditions>
								<condition number="0" type="jump" coverage="50%"/>
							</conditions>
						</line>
						<line number="198" hits="0" branch="false"/>
						<line number="200" hits="3" branch="false"/>
						<line number="208" hits="10" branch="false"/>
						<line number="218" hits="1" branch="false"/>
						<line number="221" hits="1" branch="false"/>
						<line number="227" hits="0" branch="false"/>
						<line number="228" hits="0" branch="false"/>
						<line number="229" hits="1" branch="false"/>
						<line number="231" hits="1" branch="false"/>
						<line number="233" hits="1" branch="false"/>
						<line number="234" hits="1" branch="false"/>
						<line number="235" hits="1" branch="false"/>
						<line number="299" hits="66" branch="false"/>
					</lines>
				</class>
				<class name="com.jcabi.http.mock.MkGrizzlyAdapter$Conditional" filename="com/jcabi/http/mock/MkGrizzlyAdapter.java" line-rate="0.8181818181818182" branch-rate="0.045454545454545456" complexity="2.4285714285714284">
					<methods>
						<method name="&lt;init&gt;" signature="(Lcom/jcabi/http/mock/MkAnswer;Lorg/hamcrest/Matcher;I)V" line-rate="0.8571428571428571" branch-rate="0.5" complexity="0">
							<lines>
								<line number="261" hits="96" branch="false"/>
								<line number="262" hits="96" branch="false"/>
								<line number="263" hits="96" branch="false"/>
								<line number="264" hits="96" branch="true" condition-coverage="50% (1/2)">
									<conditions>
										<condition number="0" type="jump" coverage="50%"/>
									</conditions>
								</line>
								<line number="265" hits="0" branch="false"/>
								<line number="269" hits="96" branch="false"/>
								<line number="271" hits="96" branch="false"/>
							</lines>
						</method>
						<method name="answer" signature="()Lcom/jcabi/http/mock/MkAnswer;" line-rate="1.0" branch-rate="1.0" complexity="0">
							<lines>
								<line number="277" hits="107" branch="false"/>
							</lines>
						</method>
						<method name="decrement" signature="()I" line-rate="1.0" branch-rate="1.0" complexity="0">
							<lines>
								<line number="292" hits="106" branch="false"/>
							</lines>
						</method>
						<method name="equals" signature="(Ljava/lang/Object;)Z" line-rate="1.0" branch-rate="1.0" complexity="0">
							<lines>
							</lines>
						</method>
						<method name="hashCode" signature="()I" line-rate="0.0" branch-rate="0.0" complexity="0">
							<lines>
								<line number="240" hits="0" branch="true" condition-coverage="0% (0/20)">
									<conditions>
										<condition number="0" type="jump" coverage="0%"/>
										<condition number="1" type="jump" coverage="0%"/>
										<condition number="2" type="jump" coverage="0%"/>
										<condition number="3" type="jump" coverage="0%"/>
										<condition number="4" type="jump" coverage="0%"/>
										<condition number="5" type="jump" coverage="0%"/>
										<condition number="6" type="jump" coverage="0%"/>
										<condition number="7" type="jump" coverage="0%"/>
										<condition number="8" type="jump" coverage="0%"/>
										<condition number="9" type="jump" coverage="0%"/>
									</conditions>
								</line>
							</lines>
						</method>
						<method name="matches" signature="(Lcom/jcabi/http/mock/MkQuery;)Z" line-rate="1.0" branch-rate="1.0" complexity="0">
							<lines>
								<line number="285" hits="108" branch="false"/>
							</lines>
						</method>
					</methods>
					<lines>
						<line number="240" hits="0" branch="true" condition-coverage="0% (0/20)">
							<conditions>
								<condition number="0" type="jump" coverage="0%"/>
								<condition number="1" type="jump" coverage="0%"/>
								<condition number="2" type="jump" coverage="0%"/>
								<condition number="3" type="jump" coverage="0%"/>
								<condition number="4" type="jump" coverage="0%"/>
								<condition number="5" type="jump" coverage="0%"/>
								<condition number="6" type="jump" coverage="0%"/>
								<condition number="7" type="jump" coverage="0%"/>
								<condition number="8" type="jump" coverage="0%"/>
								<condition number="9" type="jump" coverage="0%"/>
							</conditions>
						</line>
						<line number="261" hits="96" branch="false"/>
						<line number="262" hits="96" branch="false"/>
						<line number="263" hits="96" branch="false"/>
						<line number="264" hits="96" branch="true" condition-coverage="50% (1/2)">
							<conditions>
								<condition number="0" type="jump" coverage="50%"/>
							</conditions>
						</line>
						<line number="265" hits="0" branch="false"/>
						<line number="269" hits="96" branch="false"/>
						<line number="271" hits="96" branch="false"/>
						<line number="277" hits="107" branch="false"/>
						<line number="285" hits="108" branch="false"/>
						<line number="292" hits="106" branch="false"/>
					</lines>
				</class>
				<class name="com.jcabi.http.mock.MkGrizzlyAdapter$QueryWithAnswer" filename="com/jcabi/http/mock/MkGrizzlyAdapter.java" line-rate="0.875" branch-rate="0.0" complexity="2.4285714285714284">
					<methods>
						<method name="&lt;init&gt;" signature="(Lcom/jcabi/http/mock/MkQuery;Lcom/jcabi/http/mock/MkAnswer;)V" line-rate="1.0" branch-rate="1.0" complexity="0">
							<lines>
								<line number="314" hits="107" branch="false"/>
								<line number="315" hits="107" branch="false"/>
								<line number="316" hits="107" branch="false"/>
								<line number="317" hits="107" branch="false"/>
							</lines>
						</method>
						<method name="access$000" signature="(Lcom/jcabi/http/mock/MkGrizzlyAdapter$QueryWithAnswer;)Lcom/jcabi/http/mock/MkQuery;" line-rate="1.0" branch-rate="1.0" complexity="0">
							<lines>
								<line number="300" hits="26" branch="false"/>
							</lines>
						</method>
						<method name="answer" signature="()Lcom/jcabi/http/mock/MkAnswer;" line-rate="1.0" branch-rate="1.0" complexity="0">
							<lines>
								<line number="330" hits="10" branch="false"/>
							</lines>
						</method>
						<method name="equals" signature="(Ljava/lang/Object;)Z" line-rate="1.0" branch-rate="1.0" complexity="0">
							<lines>
							</lines>
						</method>
						<method name="hashCode" signature="()I" line-rate="0.0" branch-rate="0.0" complexity="0">
							<lines>
								<line number="299" hits="0" branch="true" condition-coverage="0% (0/20)">
									<conditions>
										<condition number="0" type="jump" coverage="0%"/>
										<condition number="1" type="jump" coverage="0%"/>
										<condition number="2" type="jump" coverage="0%"/>
										<condition number="3" type="jump" coverage="0%"/>
										<condition number="4" type="jump" coverage="0%"/>
										<condition number="5" type="jump" coverage="0%"/>
										<condition number="6" type="jump" coverage="0%"/>
										<condition number="7" type="jump" coverage="0%"/>
										<condition number="8" type="jump" coverage="0%"/>
										<condition number="9" type="jump" coverage="0%"/>
									</conditions>
								</line>
							</lines>
						</method>
						<method name="query" signature="()Lcom/jcabi/http/mock/MkQuery;" line-rate="1.0" branch-rate="1.0" complexity="0">
							<lines>
								<line number="323" hits="9" branch="false"/>
							</lines>
						</method>
					</methods>
					<lines>
						<line number="299" hits="0" branch="true" condition-coverage="0% (0/20)">
							<conditions>
								<condition number="0" type="jump" coverage="0%"/>
								<condition number="1" type="jump" coverage="0%"/>
								<condition number="2" type="jump" coverage="0%"/>
								<condition number="3" type="jump" coverage="0%"/>
								<condition number="4" type="jump" coverage="0%"/>
								<condition number="5" type="jump" coverage="0%"/>
								<condition number="6" type="jump" coverage="0%"/>
								<condition number="7" type="jump" coverage="0%"/>
								<condition number="8" type="jump" coverage="0%"/>
								<condition number="9" type="jump" coverage="0%"/>
							</conditions>
						</line>
						<line number="300" hits="26" branch="false"/>
						<line number="314" hits="107" branch="false"/>
						<line number="315" hits="107" branch="false"/>
						<line number="316" hits="107" branch="false"/>
						<line number="317" hits="107" branch="false"/>
						<line number="323" hits="9" branch="false"/>
						<line number="330" hits="10" branch="false"/>
					</lines>
				</class>
				<class name="com.jcabi.http.mock.MkGrizzlyContainer" filename="com/jcabi/http/mock/MkGrizzlyContainer.java" line-rate="0.9375" branch-rate="0.13333333333333333" complexity="1.2307692307692308">
					<methods>
						<method name="&lt;init&gt;" signature="()V" line-rate="1.0" branch-rate="1.0" complexity="0">
							<lines>
								<line number="56" hits="66" branch="false"/>
								<line number="61" hits="66" branch="false"/>
							</lines>
						</method>
						<method name="close" signature="()V" line-rate="1.0" branch-rate="1.0" complexity="0">
							<lines>
								<line number="153" hits="9" branch="false"/>
								<line number="154" hits="9" branch="false"/>
							</lines>
						</method>
						<method name="equals" signature="(Ljava/lang/Object;)Z" line-rate="1.0" branch-rate="1.0" complexity="0">
							<lines>
							</lines>
						</method>
						<method name="hashCode" signature="()I" line-rate="0.0" branch-rate="0.0" complexity="0">
							<lines>
								<line number="54" hits="0" branch="true" condition-coverage="0% (0/22)">
									<conditions>
										<condition number="0" type="jump" coverage="0%"/>
										<condition number="1" type="jump" coverage="0%"/>
										<condition number="2" type="jump" coverage="0%"/>
										<condition number="3" type="jump" coverage="0%"/>
										<condition number="4" type="jump" coverage="0%"/>
										<condition number="5" type="jump" coverage="0%"/>
										<condition number="6" type="jump" coverage="0%"/>
										<condition number="7" type="jump" coverage="0%"/>
										<condition number="8" type="jump" coverage="0%"/>
										<condition number="9" type="jump" coverage="0%"/>
										<condition number="10" type="jump" coverage="0%"/>
									</conditions>
								</line>
							</lines>
						</method>
						<method name="home" signature="()Ljava/net/URI;" line-rate="1.0" branch-rate="1.0" complexity="0">
							<lines>
								<line number="146" hits="68" branch="false"/>
							</lines>
						</method>
						<method name="next" signature="(Lcom/jcabi/http/mock/MkAnswer;)Lcom/jcabi/http/mock/MkContainer;" line-rate="1.0" branch-rate="1.0" complexity="0">
							<lines>
								<line number="76" hits="80" branch="false"/>
							</lines>
						</method>
						<method name="next" signature="(Lcom/jcabi/http/mock/MkAnswer;Lorg/hamcrest/Matcher;)Lcom/jcabi/http/mock/MkContainer;" line-rate="1.0" branch-rate="1.0" complexity="0">
							<lines>
								<line number="82" hits="91" branch="false"/>
							</lines>
						</method>
						<method name="next" signature="(Lcom/jcabi/http/mock/MkAnswer;Lorg/hamcrest/Matcher;I)Lcom/jcabi/http/mock/MkContainer;" line-rate="1.0" branch-rate="1.0" complexity="0">
							<lines>
								<line number="88" hits="96" branch="false"/>
								<line number="89" hits="96" branch="false"/>
							</lines>
						</method>
						<method name="queries" signature="()I" line-rate="1.0" branch-rate="1.0" complexity="0">
							<lines>
								<line number="109" hits="10" branch="false"/>
							</lines>
						</method>
						<method name="reserve" signature="()I" line-rate="1.0" branch-rate="0.5" complexity="0">
							<lines>
								<line number="164" hits="66" branch="false"/>
								<line number="165" hits="66" branch="false"/>
								<line number="166" hits="65" branch="true" condition-coverage="50% (2/4)">
									<conditions>
										<condition number="0" type="jump" coverage="50%"/>
										<condition number="1" type="jump" coverage="50%"/>
									</conditions>
								</line>
								<line number="167" hits="66" branch="false"/>
							</lines>
						</method>
						<method name="start" signature="()Lcom/jcabi/http/mock/MkContainer;" line-rate="1.0" branch-rate="1.0" complexity="0">
							<lines>
								<line number="114" hits="66" branch="false"/>
							</lines>
						</method>
						<method name="start" signature="(I)Lcom/jcabi/http/mock/MkContainer;" line-rate="0.875" branch-rate="0.5" complexity="0">
							<lines>
								<line number="119" hits="66" branch="true" condition-coverage="50% (1/2)">
									<conditions>
										<condition number="0" type="jump" coverage="50%"/>
									</conditions>
								</line>
								<line number="120" hits="0" branch="false"/>
								<line number="127" hits="66" branch="false"/>
								<line number="128" hits="66" branch="false"/>
								<line number="129" hits="65" branch="false"/>
								<line number="130" hits="65" branch="false"/>
								<line number="131" hits="66" branch="false"/>
								<line number="132" hits="66" branch="false"/>
							</lines>
						</method>
						<method name="stop" signature="()V" line-rate="1.0" branch-rate="0.5" complexity="0">
							<lines>
								<line number="137" hits="62" branch="true" condition-coverage="50% (1/2)">
									<conditions>
										<condition number="0" type="jump" coverage="50%"/>
									</conditions>
								</line>
								<line number="138" hits="62" branch="false"/>
								<line number="140" hits="62" branch="false"/>
								<line number="141" hits="62" branch="false"/>
								<line number="142" hits="62" branch="false"/>
							</lines>
						</method>
						<method name="take" signature="()Lcom/jcabi/http/mock/MkQuery;" line-rate="1.0" branch-rate="1.0" complexity="0">
							<lines>
								<line number="94" hits="27" branch="false"/>
							</lines>
						</method>
						<method name="take" signature="(Lorg/hamcrest/Matcher;)Lcom/jcabi/http/mock/MkQuery;" line-rate="1.0" branch-rate="1.0" complexity="0">
							<lines>
								<line number="99" hits="1" branch="false"/>
							</lines>
						</method>
						<method name="takeAll" signature="(Lorg/hamcrest/Matcher;)Ljava/util/Collection;" line-rate="1.0" branch-rate="1.0" complexity="0">
							<lines>
								<line number="104" hits="3" branch="false"/>
							</lines>
						</method>
					</methods>
					<lines>
						<line number="54" hits="0" branch="true" condition-coverage="0% (0/22)">
							<conditions>
								<condition number="0" type="jump" coverage="0%"/>
								<condition number="1" type="jump" coverage="0%"/>
								<condition number="2" type="jump" coverage="0%"/>
								<condition number="3" type="jump" coverage="0%"/>
								<condition number="4" type="jump" coverage="0%"/>
								<condition number="5" type="jump" coverage="0%"/>
								<condition number="6" type="jump" coverage="0%"/>
								<condition number="7" type="jump" coverage="0%"/>
								<condition number="8" type="jump" coverage="0%"/>
								<condition number="9" type="jump" coverage="0%"/>
								<condition number="10" type="jump" coverage="0%"/>
							</conditions>
						</line>
						<line number="56" hits="66" branch="false"/>
						<line number="61" hits="66" branch="false"/>
						<line number="76" hits="80" branch="false"/>
						<line number="82" hits="91" branch="false"/>
						<line number="88" hits="96" branch="false"/>
						<line number="89" hits="96" branch="false"/>
						<line number="94" hits="27" branch="false"/>
						<line number="99" hits="1" branch="false"/>
						<line number="104" hits="3" branch="false"/>
						<line number="109" hits="10" branch="false"/>
						<line number="114" hits="66" branch="false"/>
						<line number="119" hits="66" branch="true" condition-coverage="50% (1/2)">
							<conditions>
								<condition number="0" type="jump" coverage="50%"/>
							</conditions>
						</line>
						<line number="120" hits="0" branch="false"/>
						<line number="127" hits="66" branch="false"/>
						<line number="128" hits="66" branch="false"/>
						<line number="129" hits="65" branch="false"/>
						<line number="130" hits="65" branch="false"/>
						<line number="131" hits="66" branch="false"/>
						<line number="132" hits="66" branch="false"/>
						<line number="137" hits="62" branch="true" condition-coverage="50% (1/2)">
							<conditions>
								<condition number="0" type="jump" coverage="50%"/>
							</conditions>
						</line>
						<line number="138" hits="62" branch="false"/>
						<line number="140" hits="62" branch="false"/>
						<line number="141" hits="62" branch="false"/>
						<line number="142" hits="62" branch="false"/>
						<line number="146" hits="68" branch="false"/>
						<line number="153" hits="9" branch="false"/>
						<line number="154" hits="9" branch="false"/>
						<line number="164" hits="66" branch="false"/>
						<line number="165" hits="66" branch="false"/>
						<line number="166" hits="65" branch="true" condition-coverage="50% (2/4)">
							<conditions>
								<condition number="0" type="jump" coverage="50%"/>
								<condition number="1" type="jump" coverage="50%"/>
							</conditions>
						</line>
						<line number="167" hits="66" branch="false"/>
					</lines>
				</class>
				<class name="com.jcabi.http.mock.MkQuery" filename="com/jcabi/http/mock/MkQuery.java" line-rate="1.0" branch-rate="1.0" complexity="1.0">
					<methods>
					</methods>
					<lines>
					</lines>
				</class>
				<class name="com.jcabi.http.mock.MkQueryBodyMatcher" filename="com/jcabi/http/mock/MkQueryBodyMatcher.java" line-rate="0.625" branch-rate="0.0" complexity="1.0">
					<methods>
						<method name="&lt;init&gt;" signature="(Lorg/hamcrest/Matcher;)V" line-rate="1.0" branch-rate="1.0" complexity="0">
							<lines>
								<line number="57" hits="5" branch="false"/>
								<line number="58" hits="5" branch="false"/>
								<line number="59" hits="5" branch="false"/>
							</lines>
						</method>
						<method name="canEqual" signature="(Ljava/lang/Object;)Z" line-rate="1.0" branch-rate="1.0" complexity="0">
							<lines>
							</lines>
						</method>
						<method name="describeTo" signature="(Lorg/hamcrest/Description;)V" line-rate="0.0" branch-rate="1.0" complexity="0">
							<lines>
								<line number="63" hits="0" branch="false"/>
								<line number="66" hits="0" branch="false"/>
							</lines>
						</method>
						<method name="equals" signature="(Ljava/lang/Object;)Z" line-rate="1.0" branch-rate="1.0" complexity="0">
							<lines>
							</lines>
						</method>
						<method name="hashCode" signature="()I" line-rate="0.0" branch-rate="0.0" complexity="0">
							<lines>
								<line number="44" hits="0" branch="true" condition-coverage="0% (0/14)">
									<conditions>
										<condition number="0" type="jump" coverage="0%"/>
										<condition number="1" type="jump" coverage="0%"/>
										<condition number="2" type="jump" coverage="0%"/>
										<condition number="3" type="jump" coverage="0%"/>
										<condition number="4" type="jump" coverage="0%"/>
										<condition number="5" type="jump" coverage="0%"/>
										<condition number="6" type="jump" coverage="0%"/>
									</conditions>
								</line>
							</lines>
						</method>
						<method name="matchesSafely" signature="(Lcom/jcabi/http/mock/MkQuery;)Z" line-rate="1.0" branch-rate="1.0" complexity="0">
							<lines>
								<line number="70" hits="9" branch="false"/>
							</lines>
						</method>
						<method name="matchesSafely" signature="(Ljava/lang/Object;)Z" line-rate="1.0" branch-rate="1.0" complexity="0">
							<lines>
								<line number="43" hits="9" branch="false"/>
							</lines>
						</method>
						<method name="toString" signature="()Ljava/lang/String;" line-rate="1.0" branch-rate="1.0" complexity="0">
							<lines>
							</lines>
						</method>
					</methods>
					<lines>
						<line number="43" hits="9" branch="false"/>
						<line number="44" hits="0" branch="true" condition-coverage="0% (0/14)">
							<conditions>
								<condition number="0" type="jump" coverage="0%"/>
								<condition number="1" type="jump" coverage="0%"/>
								<condition number="2" type="jump" coverage="0%"/>
								<condition number="3" type="jump" coverage="0%"/>
								<condition number="4" type="jump" coverage="0%"/>
								<condition number="5" type="jump" coverage="0%"/>
								<condition number="6" type="jump" coverage="0%"/>
							</conditions>
						</line>
						<line number="57" hits="5" branch="false"/>
						<line number="58" hits="5" branch="false"/>
						<line number="59" hits="5" branch="false"/>
						<line number="63" hits="0" branch="false"/>
						<line number="66" hits="0" branch="false"/>
						<line number="70" hits="9" branch="false"/>
					</lines>
				</class>
				<class name="com.jcabi.http.mock.MkQueryHeaderMatcher" filename="com/jcabi/http/mock/MkQueryHeaderMatcher.java" line-rate="0.6666666666666666" branch-rate="0.07692307692307693" complexity="1.3333333333333333">
					<methods>
						<method name="&lt;init&gt;" signature="(Ljava/lang/String;Lorg/hamcrest/Matcher;)V" line-rate="1.0" branch-rate="1.0" complexity="0">
							<lines>
								<line number="64" hits="1" branch="false"/>
								<line number="65" hits="1" branch="false"/>
								<line number="66" hits="1" branch="false"/>
								<line number="67" hits="1" branch="false"/>
							</lines>
						</method>
						<method name="canEqual" signature="(Ljava/lang/Object;)Z" line-rate="1.0" branch-rate="1.0" complexity="0">
							<lines>
							</lines>
						</method>
						<method name="describeTo" signature="(Lorg/hamcrest/Description;)V" line-rate="0.0" branch-rate="1.0" complexity="0">
							<lines>
								<line number="71" hits="0" branch="false"/>
								<line number="76" hits="0" branch="false"/>
							</lines>
						</method>
						<method name="equals" signature="(Ljava/lang/Object;)Z" line-rate="1.0" branch-rate="1.0" complexity="0">
							<lines>
							</lines>
						</method>
						<method name="hashCode" signature="()I" line-rate="0.0" branch-rate="0.0" complexity="0">
							<lines>
								<line number="44" hits="0" branch="true" condition-coverage="0% (0/22)">
									<conditions>
										<condition number="0" type="jump" coverage="0%"/>
										<condition number="1" type="jump" coverage="0%"/>
										<condition number="2" type="jump" coverage="0%"/>
										<condition number="3" type="jump" coverage="0%"/>
										<condition number="4" type="jump" coverage="0%"/>
										<condition number="5" type="jump" coverage="0%"/>
										<condition number="6" type="jump" coverage="0%"/>
										<condition number="7" type="jump" coverage="0%"/>
										<condition number="8" type="jump" coverage="0%"/>
										<condition number="9" type="jump" coverage="0%"/>
										<condition number="10" type="jump" coverage="0%"/>
									</conditions>
								</line>
							</lines>
						</method>
						<method name="matchesSafely" signature="(Lcom/jcabi/http/mock/MkQuery;)Z" line-rate="1.0" branch-rate="0.5" complexity="0">
							<lines>
								<line number="80" hits="1" branch="true" condition-coverage="50% (2/4)">
									<conditions>
										<condition number="0" type="jump" coverage="50%"/>
										<condition number="1" type="jump" coverage="50%"/>
									</conditions>
								</line>
							</lines>
						</method>
						<method name="matchesSafely" signature="(Ljava/lang/Object;)Z" line-rate="1.0" branch-rate="1.0" complexity="0">
							<lines>
								<line number="43" hits="1" branch="false"/>
							</lines>
						</method>
						<method name="toString" signature="()Ljava/lang/String;" line-rate="1.0" branch-rate="1.0" complexity="0">
							<lines>
							</lines>
						</method>
					</methods>
					<lines>
						<line number="43" hits="1" branch="false"/>
						<line number="44" hits="0" branch="true" condition-coverage="0% (0/22)">
							<conditions>
								<condition number="0" type="jump" coverage="0%"/>
								<condition number="1" type="jump" coverage="0%"/>
								<condition number="2" type="jump" coverage="0%"/>
								<condition number="3" type="jump" coverage="0%"/>
								<condition number="4" type="jump" coverage="0%"/>
								<condition number="5" type="jump" coverage="0%"/>
								<condition number="6" type="jump" coverage="0%"/>
								<condition number="7" type="jump" coverage="0%"/>
								<condition number="8" type="jump" coverage="0%"/>
								<condition number="9" type="jump" coverage="0%"/>
								<condition number="10" type="jump" coverage="0%"/>
							</conditions>
						</line>
						<line number="64" hits="1" branch="false"/>
						<line number="65" hits="1" branch="false"/>
						<line number="66" hits="1" branch="false"/>
						<line number="67" hits="1" branch="false"/>
						<line number="71" hits="0" branch="false"/>
						<line number="76" hits="0" branch="false"/>
						<line number="80" hits="1" branch="true" condition-coverage="50% (2/4)">
							<conditions>
								<condition number="0" type="jump" coverage="50%"/>
								<condition number="1" type="jump" coverage="50%"/>
							</conditions>
						</line>
					</lines>
				</class>
				<class name="com.jcabi.http.mock.MkQueryMatchers" filename="com/jcabi/http/mock/MkQueryMatchers.java" line-rate="0.5" branch-rate="1.0" complexity="1.0">
					<methods>
						<method name="&lt;init&gt;" signature="()V" line-rate="0.0" branch-rate="1.0" complexity="0">
							<lines>
								<line number="44" hits="0" branch="false"/>
								<line number="46" hits="0" branch="false"/>
							</lines>
						</method>
						<method name="hasBody" signature="(Lorg/hamcrest/Matcher;)Lorg/hamcrest/Matcher;" line-rate="1.0" branch-rate="1.0" complexity="0">
							<lines>
								<line number="55" hits="5" branch="false"/>
							</lines>
						</method>
						<method name="hasHeader" signature="(Ljava/lang/String;Lorg/hamcrest/Matcher;)Lorg/hamcrest/Matcher;" line-rate="1.0" branch-rate="1.0" complexity="0">
							<lines>
								<line number="69" hits="1" branch="false"/>
							</lines>
						</method>
					</methods>
					<lines>
						<line number="44" hits="0" branch="false"/>
						<line number="46" hits="0" branch="false"/>
						<line number="55" hits="5" branch="false"/>
						<line number="69" hits="1" branch="false"/>
					</lines>
				</class>
			</classes>
		</package>
		<package name="com.jcabi.http.request" line-rate="0.7352941176470589" branch-rate="0.355" complexity="1.4672897196261683">
			<classes>
				<class name="com.jcabi.http.request.ApacheRequest" filename="com/jcabi/http/request/ApacheRequest.java" line-rate="0.5" branch-rate="0.0" complexity="1.2222222222222223">
					<methods>
						<method name="&lt;clinit&gt;" signature="()V" line-rate="1.0" branch-rate="1.0" complexity="0">
							<lines>
								<line number="82" hits="1" branch="false"/>
							</lines>
						</method>
						<method name="&lt;init&gt;" signature="(Ljava/lang/String;)V" line-rate="1.0" branch-rate="1.0" complexity="0">
							<lines>
								<line number="214" hits="17" branch="false"/>
								<line number="215" hits="17" branch="false"/>
								<line number="216" hits="17" branch="false"/>
							</lines>
						</method>
						<method name="&lt;init&gt;" signature="(Ljava/net/URI;)V" line-rate="1.0" branch-rate="1.0" complexity="0">
							<lines>
								<line number="207" hits="17" branch="false"/>
								<line number="208" hits="17" branch="false"/>
							</lines>
						</method>
						<method name="&lt;init&gt;" signature="(Ljava/net/URL;)V" line-rate="0.0" branch-rate="1.0" complexity="0">
							<lines>
								<line number="199" hits="0" branch="false"/>
								<line number="200" hits="0" branch="false"/>
							</lines>
						</method>
						<method name="body" signature="()Lcom/jcabi/http/RequestBody;" line-rate="0.0" branch-rate="1.0" complexity="0">
							<lines>
								<line number="235" hits="0" branch="false"/>
							</lines>
						</method>
						<method name="equals" signature="(Ljava/lang/Object;)Z" line-rate="1.0" branch-rate="1.0" complexity="0">
							<lines>
							</lines>
						</method>
						<method name="fetch" signature="()Lcom/jcabi/http/Response;" line-rate="1.0" branch-rate="1.0" complexity="0">
							<lines>
								<line number="255" hits="1" branch="false"/>
							</lines>
						</method>
						<method name="fetch" signature="(Ljava/io/InputStream;)Lcom/jcabi/http/Response;" line-rate="0.0" branch-rate="1.0" complexity="0">
							<lines>
								<line number="260" hits="0" branch="false"/>
[...]
								<condition number="5" type="jump" coverage="0%"/>
							</conditions>
						</line>
						<line number="78" hits="0" branch="false"/>
						<line number="79" hits="0" branch="false"/>
						<line number="80" hits="0" branch="false"/>
						<line number="91" hits="0" branch="false"/>
					</lines>
				</class>
				<class name="com.jcabi.http.wire.RetryWire" filename="com/jcabi/http/wire/RetryWire.java" line-rate="0.6875" branch-rate="0.1875" complexity="4.0">
					<methods>
						<method name="&lt;init&gt;" signature="(Lcom/jcabi/http/Wire;)V" line-rate="1.0" branch-rate="1.0" complexity="0">
							<lines>
								<line number="81" hits="1" branch="false"/>
								<line number="82" hits="1" branch="false"/>
								<line number="83" hits="1" branch="false"/>
							</lines>
						</method>
						<method name="equals" signature="(Ljava/lang/Object;)Z" line-rate="1.0" branch-rate="1.0" complexity="0">
							<lines>
							</lines>
						</method>
						<method name="hashCode" signature="()I" line-rate="0.0" branch-rate="0.0" complexity="0">
							<lines>
								<line number="69" hits="0" branch="true" condition-coverage="0% (0/12)">
									<conditions>
										<condition number="0" type="jump" coverage="0%"/>
										<condition number="1" type="jump" coverage="0%"/>
										<condition number="2" type="jump" coverage="0%"/>
										<condition number="3" type="jump" coverage="0%"/>
										<condition number="4" type="jump" coverage="0%"/>
										<condition number="5" type="jump" coverage="0%"/>
									</conditions>
								</line>
							</lines>
						</method>
						<method name="send" signature="(Lcom/jcabi/http/Request;Ljava/lang/String;Ljava/lang/String;Ljava/util/Collection;Ljava/io/InputStream;II)Lcom/jcabi/http/Response;" line-rate="0.7272727272727273" branch-rate="0.75" complexity="0">
							<lines>
								<line number="92" hits="1" branch="false"/>
								<line number="94" hits="3" branch="true" condition-coverage="50% (1/2)">
									<conditions>
										<condition number="0" type="jump" coverage="50%"/>
									</conditions>
								</line>
								<line number="95" hits="0" branch="false"/>
								<line number="100" hits="3" branch="false"/>
								<line number="104" hits="3" branch="true" condition-coverage="100% (2/2)">
									<conditions>
										<condition number="0" type="jump" coverage="100%"/>
									</conditions>
								</line>
								<line number="105" hits="1" branch="false"/>
								<line number="107" hits="2" branch="false"/>
								<line number="111" hits="0" branch="false"/>
								<line number="112" hits="0" branch="false"/>
								<line number="116" hits="2" branch="false"/>
								<line number="117" hits="2" branch="false"/>
							</lines>
						</method>
						<method name="toString" signature="()Ljava/lang/String;" line-rate="0.0" branch-rate="1.0" complexity="0">
							<lines>
								<line number="68" hits="0" branch="false"/>
							</lines>
						</method>
					</methods>
					<lines>
						<line number="68" hits="0" branch="false"/>
						<line number="69" hits="0" branch="true" condition-coverage="0% (0/12)">
							<conditions>
								<condition number="0" type="jump" coverage="0%"/>
								<condition number="1" type="jump" coverage="0%"/>
								<condition number="2" type="jump" coverage="0%"/>
								<condition number="3" type="jump" coverage="0%"/>
								<condition number="4" type="jump" coverage="0%"/>
								<condition number="5" type="jump" coverage="0%"/>
							</conditions>
						</line>
						<line number="81" hits="1" branch="false"/>
						<line number="82" hits="1" branch="false"/>
						<line number="83" hits="1" branch="false"/>
						<line number="92" hits="1" branch="false"/>
						<line number="94" hits="3" branch="true" condition-coverage="50% (1/2)">
							<conditions>
								<condition number="0" type="jump" coverage="50%"/>
							</conditions>
						</line>
						<line number="95" hits="0" branch="false"/>
						<line number="100" hits="3" branch="false"/>
						<line number="104" hits="3" branch="true" condition-coverage="100% (2/2)">
							<conditions>
								<condition number="0" type="jump" coverage="100%"/>
							</conditions>
						</line>
						<line number="105" hits="1" branch="false"/>
						<line number="107" hits="2" branch="false"/>
						<line number="111" hits="0" branch="false"/>
						<line number="112" hits="0" branch="false"/>
						<line number="116" hits="2" branch="false"/>
						<line number="117" hits="2" branch="false"/>
					</lines>
				</class>
				<class name="com.jcabi.http.wire.TrustedWire" filename="com/jcabi/http/wire/TrustedWire.java" line-rate="0.631578947368421" branch-rate="0.0" complexity="2.0">
					<methods>
						<method name="&lt;clinit&gt;" signature="()V" line-rate="1.0" branch-rate="1.0" complexity="0">
							<lines>
								<line number="76" hits="1" branch="false"/>
							</lines>
						</method>
						<method name="&lt;init&gt;" signature="(Lcom/jcabi/http/Wire;)V" line-rate="1.0" branch-rate="1.0" complexity="0">
							<lines>
								<line number="102" hits="1" branch="false"/>
								<line number="103" hits="1" branch="false"/>
								<line number="104" hits="1" branch="false"/>
							</lines>
						</method>
						<method name="context" signature="()Ljavax/net/ssl/SSLContext;" line-rate="0.42857142857142855" branch-rate="1.0" complexity="0">
							<lines>
								<line number="136" hits="1" branch="false"/>
								<line number="137" hits="1" branch="false"/>
								<line number="142" hits="1" branch="false"/>
								<line number="143" hits="0" branch="false"/>
								<line number="144" hits="0" branch="false"/>
								<line number="145" hits="0" branch="false"/>
								<line number="146" hits="0" branch="false"/>
							</lines>
						</method>
						<method name="equals" signature="(Ljava/lang/Object;)Z" line-rate="1.0" branch-rate="1.0" complexity="0">
							<lines>
							</lines>
						</method>
						<method name="hashCode" signature="()I" line-rate="0.0" branch-rate="0.0" complexity="0">
							<lines>
								<line number="70" hits="0" branch="true" condition-coverage="0% (0/12)">
									<conditions>
										<condition number="0" type="jump" coverage="0%"/>
										<condition number="1" type="jump" coverage="0%"/>
										<condition number="2" type="jump" coverage="0%"/>
										<condition number="3" type="jump" coverage="0%"/>
										<condition number="4" type="jump" coverage="0%"/>
										<condition number="5" type="jump" coverage="0%"/>
									</conditions>
								</line>
							</lines>
						</method>
						<method name="send" signature="(Lcom/jcabi/http/Request;Ljava/lang/String;Ljava/lang/String;Ljava/util/Collection;Ljava/io/InputStream;II)Lcom/jcabi/http/Response;" line-rate="0.8333333333333334" branch-rate="1.0" complexity="0">
							<lines>
								<line number="113" hits="1" branch="false"/>
								<line number="114" hits="1" branch="false"/>
								<line number="117" hits="1" branch="false"/>
								<line number="120" hits="1" branch="false"/>
								<line number="125" hits="1" branch="false"/>
								<line number="127" hits="0" branch="false"/>
							</lines>
						</method>
						<method name="toString" signature="()Ljava/lang/String;" line-rate="0.0" branch-rate="1.0" complexity="0">
							<lines>
								<line number="69" hits="0" branch="false"/>
							</lines>
						</method>
					</methods>
					<lines>
						<line number="69" hits="0" branch="false"/>
						<line number="70" hits="0" branch="true" condition-coverage="0% (0/12)">
							<conditions>
								<condition number="0" type="jump" coverage="0%"/>
								<condition number="1" type="jump" coverage="0%"/>
								<condition number="2" type="jump" coverage="0%"/>
								<condition number="3" type="jump" coverage="0%"/>
								<condition number="4" type="jump" coverage="0%"/>
								<condition number="5" type="jump" coverage="0%"/>
							</conditions>
						</line>
						<line number="76" hits="1" branch="false"/>
						<line number="102" hits="1" branch="false"/>
						<line number="103" hits="1" branch="false"/>
						<line number="104" hits="1" branch="false"/>
						<line number="113" hits="1" branch="false"/>
						<line number="114" hits="1" branch="false"/>
						<line number="117" hits="1" branch="false"/>
						<line number="120" hits="1" branch="false"/>
						<line number="125" hits="1" branch="false"/>
						<line number="127" hits="0" branch="false"/>
						<line number="136" hits="1" branch="false"/>
						<line number="137" hits="1" branch="false"/>
						<line number="142" hits="1" branch="false"/>
						<line number="143" hits="0" branch="false"/>
						<line number="144" hits="0" branch="false"/>
						<line number="145" hits="0" branch="false"/>
						<line number="146" hits="0" branch="false"/>
					</lines>
				</class>
				<class name="com.jcabi.http.wire.TrustedWire$1" filename="com/jcabi/http/wire/TrustedWire.java" line-rate="0.25" branch-rate="1.0" complexity="2.0">
					<methods>
						<method name="&lt;init&gt;" signature="()V" line-rate="1.0" branch-rate="1.0" complexity="0">
							<lines>
								<line number="76" hits="1" branch="false"/>
							</lines>
						</method>
						<method name="checkClientTrusted" signature="([Ljava/security/cert/X509Certificate;Ljava/lang/String;)V" line-rate="0.0" branch-rate="1.0" complexity="0">
							<lines>
								<line number="85" hits="0" branch="false"/>
							</lines>
						</method>
						<method name="checkServerTrusted" signature="([Ljava/security/cert/X509Certificate;Ljava/lang/String;)V" line-rate="0.0" branch-rate="1.0" complexity="0">
							<lines>
								<line number="90" hits="0" branch="false"/>
							</lines>
						</method>
						<method name="getAcceptedIssuers" signature="()[Ljava/security/cert/X509Certificate;" line-rate="0.0" branch-rate="1.0" complexity="0">
							<lines>
								<line number="79" hits="0" branch="false"/>
							</lines>
						</method>
					</methods>
					<lines>
						<line number="76" hits="1" branch="false"/>
						<line number="79" hits="0" branch="false"/>
						<line number="85" hits="0" branch="false"/>
						<line number="90" hits="0" branch="false"/>
					</lines>
				</class>
				<class name="com.jcabi.http.wire.UserAgentWire" filename="com/jcabi/http/wire/UserAgentWire.java" line-rate="0.8125" branch-rate="0.2222222222222222" complexity="2.5">
					<methods>
						<method name="&lt;clinit&gt;" signature="()V" line-rate="1.0" branch-rate="1.0" complexity="0">
							<lines>
								<line number="79" hits="1" branch="false"/>
							</lines>
						</method>
						<method name="&lt;init&gt;" signature="(Lcom/jcabi/http/Wire;)V" line-rate="1.0" branch-rate="1.0" complexity="0">
							<lines>
								<line number="95" hits="3" branch="false"/>
								<line number="96" hits="3" branch="false"/>
								<line number="97" hits="3" branch="false"/>
							</lines>
						</method>
						<method name="equals" signature="(Ljava/lang/Object;)Z" line-rate="1.0" branch-rate="1.0" complexity="0">
							<lines>
							</lines>
						</method>
						<method name="hashCode" signature="()I" line-rate="0.0" branch-rate="0.0" complexity="0">
							<lines>
								<line number="73" hits="0" branch="true" condition-coverage="0% (0/12)">
									<conditions>
										<condition number="0" type="jump" coverage="0%"/>
										<condition number="1" type="jump" coverage="0%"/>
										<condition number="2" type="jump" coverage="0%"/>
										<condition number="3" type="jump" coverage="0%"/>
										<condition number="4" type="jump" coverage="0%"/>
										<condition number="5" type="jump" coverage="0%"/>
									</conditions>
								</line>
							</lines>
						</method>
						<method name="send" signature="(Lcom/jcabi/http/Request;Ljava/lang/String;Ljava/lang/String;Ljava/util/Collection;Ljava/io/InputStream;II)Lcom/jcabi/http/Response;" line-rate="0.9" branch-rate="0.6666666666666666" complexity="0">
							<lines>
								<line number="107" hits="3" branch="false"/>
								<line number="109" hits="3" branch="false"/>
								<line number="110" hits="3" branch="true" condition-coverage="100% (2/2)">
									<conditions>
										<condition number="0" type="jump" coverage="100%"/>
									</conditions>
								</line>
								<line number="111" hits="2" branch="false"/>
								<line number="112" hits="2" branch="true" condition-coverage="50% (1/2)">
									<conditions>
										<condition number="0" type="jump" coverage="50%"/>
									</conditions>
								</line>
								<line number="113" hits="0" branch="false"/>
								<line number="115" hits="2" branch="false"/>
								<line number="116" hits="3" branch="true" condition-coverage="50% (1/2)">
									<conditions>
										<condition number="0" type="jump" coverage="50%"/>
									</conditions>
								</line>
								<line number="117" hits="3" branch="false"/>
								<line number="124" hits="3" branch="false"/>
							</lines>
						</method>
						<method name="toString" signature="()Ljava/lang/String;" line-rate="0.0" branch-rate="1.0" complexity="0">
							<lines>
								<line number="72" hits="0" branch="false"/>
							</lines>
						</method>
					</methods>
					<lines>
						<line number="72" hits="0" branch="false"/>
						<line number="73" hits="0" branch="true" condition-coverage="0% (0/12)">
							<conditions>
								<condition number="0" type="jump" coverage="0%"/>
								<condition number="1" type="jump" coverage="0%"/>
								<condition number="2" type="jump" coverage="0%"/>
								<condition number="3" type="jump" coverage="0%"/>
								<condition number="4" type="jump" coverage="0%"/>
								<condition number="5" type="jump" coverage="0%"/>
							</conditions>
						</line>
						<line number="79" hits="1" branch="false"/>
						<line number="95" hits="3" branch="false"/>
						<line number="96" hits="3" branch="false"/>
						<line number="97" hits="3" branch="false"/>
						<line number="107" hits="3" branch="false"/>
						<line number="109" hits="3" branch="false"/>
						<line number="110" hits="3" branch="true" condition-coverage="100% (2/2)">
							<conditions>
								<condition number="0" type="jump" coverage="100%"/>
							</conditions>
						</line>
						<line number="111" hits="2" branch="false"/>
						<line number="112" hits="2" branch="true" condition-coverage="50% (1/2)">
							<conditions>
								<condition number="0" type="jump" coverage="50%"/>
							</conditions>
						</line>
						<line number="113" hits="0" branch="false"/>
						<line number="115" hits="2" branch="false"/>
						<line number="116" hits="3" branch="true" condition-coverage="50% (1/2)">
							<conditions>
								<condition number="0" type="jump" coverage="50%"/>
							</conditions>
						</line>
						<line number="117" hits="3" branch="false"/>
						<line number="124" hits="3" branch="false"/>
					</lines>
				</class>
				<class name="com.jcabi.http.wire.VerboseWire" filename="com/jcabi/http/wire/VerboseWire.java" line-rate="0.9" branch-rate="0.25" complexity="1.6666666666666667">
					<methods>
						<method name="&lt;init&gt;" signature="(Lcom/jcabi/http/Wire;)V" line-rate="1.0" branch-rate="1.0" complexity="0">
							<lines>
								<line number="80" hits="14" branch="false"/>
								<line number="81" hits="14" branch="false"/>
								<line number="82" hits="14" branch="false"/>
							</lines>
						</method>
						<method name="equals" signature="(Ljava/lang/Object;)Z" line-rate="1.0" branch-rate="1.0" complexity="0">
							<lines>
							</lines>
						</method>
						<method name="hashCode" signature="()I" line-rate="0.0" branch-rate="0.0" complexity="0">
							<lines>
								<line number="68" hits="0" branch="true" condition-coverage="0% (0/12)">
									<conditions>
										<condition number="0" type="jump" coverage="0%"/>
										<condition number="1" type="jump" coverage="0%"/>
										<condition number="2" type="jump" coverage="0%"/>
										<condition number="3" type="jump" coverage="0%"/>
										<condition number="4" type="jump" coverage="0%"/>
										<condition number="5" type="jump" coverage="0%"/>
									</conditions>
								</line>
							</lines>
						</method>
						<method name="indent" signature="(Ljava/lang/String;)Ljava/lang/String;" line-rate="1.0" branch-rate="1.0" complexity="0">
							<lines>
								<line number="132" hits="42" branch="false"/>
							</lines>
						</method>
						<method name="send" signature="(Lcom/jcabi/http/Request;Ljava/lang/String;Ljava/lang/String;Ljava/util/Collection;Ljava/io/InputStream;II)Lcom/jcabi/http/Response;" line-rate="1.0" branch-rate="1.0" complexity="0">
							<lines>
								<line number="92" hits="21" branch="false"/>
								<line number="93" hits="21" branch="false"/>
								<line number="94" hits="21" branch="true" condition-coverage="100% (2/2)">
									<conditions>
										<condition number="0" type="jump" coverage="100%"/>
									</conditions>
								</line>
								<line number="95" hits="6" branch="false"/>
								<line number="96" hits="6" branch="false"/>
								<line number="98" hits="21" branch="false"/>
								<line number="99" hits="21" branch="false"/>
								<line number="104" hits="21" branch="false"/>
								<line number="105" hits="21" branch="true" condition-coverage="100% (2/2)">
									<conditions>
										<condition number="0" type="jump" coverage="100%"/>
									</conditions>
								</line>
								<line number="106" hits="7" branch="false"/>
								<line number="110" hits="7" branch="false"/>
								<line number="111" hits="21" branch="false"/>
								<line number="114" hits="21" branch="false"/>
								<line number="123" hits="21" branch="false"/>
							</lines>
						</method>
						<method name="toString" signature="()Ljava/lang/String;" line-rate="0.0" branch-rate="1.0" complexity="0">
							<lines>
								<line number="67" hits="0" branch="false"/>
							</lines>
						</method>
					</methods>
					<lines>
						<line number="67" hits="0" branch="false"/>
						<line number="68" hits="0" branch="true" condition-coverage="0% (0/12)">
							<conditions>
								<condition number="0" type="jump" coverage="0%"/>
								<condition number="1" type="jump" coverage="0%"/>
								<condition number="2" type="jump" coverage="0%"/>
								<condition number="3" type="jump" coverage="0%"/>
								<condition number="4" type="jump" coverage="0%"/>
								<condition number="5" type="jump" coverage="0%"/>
							</conditions>
						</line>
						<line number="80" hits="14" branch="false"/>
						<line number="81" hits="14" branch="false"/>
						<line number="82" hits="14" branch="false"/>
						<line number="92" hits="21" branch="false"/>
						<line number="93" hits="21" branch="false"/>
						<line number="94" hits="21" branch="true" condition-coverage="100% (2/2)">
							<conditions>
								<condition number="0" type="jump" coverage="100%"/>
							</conditions>
						</line>
						<line number="95" hits="6" branch="false"/>
						<line number="96" hits="6" branch="false"/>
						<line number="98" hits="21" branch="false"/>
						<line number="99" hits="21" branch="false"/>
						<line number="104" hits="21" branch="false"/>
						<line number="105" hits="21" branch="true" condition-coverage="100% (2/2)">
							<conditions>
								<condition number="0" type="jump" coverage="100%"/>
							</conditions>
						</line>
						<line number="106" hits="7" branch="false"/>
						<line number="110" hits="7" branch="false"/>
						<line number="111" hits="21" branch="false"/>
						<line number="114" hits="21" branch="false"/>
						<line number="123" hits="21" branch="false"/>
						<line number="132" hits="42" branch="false"/>
					</lines>
				</class>
			</classes>
		</package>
	</packages>
</coverage>
