<?xml version="1.0"?>
<!DOCTYPE coverage SYSTEM "http://cobertura.sourceforge.net/xml/coverage-04.dtd">

<coverage line-rate="0.7961165048543689" branch-rate="0.2849462365591398" lines-covered="738" lines-valid="927" branches-covered="212" branches-valid="744" complexity="1.5816993464052287" version="2.1.1" timestamp="1449668858626">
	<sources>
		<source>/home/r/repo/src/main/java</source>
		<source>--source</source>
		<source>/home/r/repo/target/generated-sources/annotations</source>
	</sources>
	<packages>
		<package name="com.jcabi.http" line-rate="0.9393939393939394" branch-rate="0.5" complexity="1.2">
			<classes>
				<class name="com.jcabi.http.ImmutableHeader" filename="com/jcabi/http/ImmutableHeader.java" line-rate="0.9" branch-rate="0.39285714285714285" complexity="1.8333333333333333">
					<methods>
						<method name="&lt;init&gt;" signature="(Ljava/lang/String;Ljava/lang/String;)V" line-rate="1.0" branch-rate="1.0" complexity="0">
							<lines>
								<line number="66" hits="377" branch="false"/>
								<line number="67" hits="377" branch="false"/>
								<line number="68" hits="376" branch="false"/>
								<line number="69" hits="376" branch="false"/>
							</lines>
						</method>
						<method name="equals" signature="(Ljava/lang/Object;)Z" line-rate="1.0" branch-rate="1.0" complexity="0">
							<lines>
							</lines>
						</method>
						<method name="getKey" signature="()Ljava/lang/Object;" line-rate="1.0" branch-rate="1.0" complexity="0">
							<lines>
								<line number="46" hits="1536" branch="false"/>
							</lines>
						</method>
						<method name="getKey" signature="()Ljava/lang/String;" line-rate="1.0" branch-rate="1.0" complexity="0">
							<lines>
								<line number="73" hits="843" branch="false"/>
							</lines>
						</method>
						<method name="getValue" signature="()Ljava/lang/Object;" line-rate="1.0" branch-rate="1.0" complexity="0">
							<lines>
							</lines>
						</method>
						<method name="getValue" signature="()Ljava/lang/String;" line-rate="1.0" branch-rate="1.0" complexity="0">
							<lines>
								<line number="78" hits="693" branch="false"/>
							</lines>
						</method>
						<method name="hashCode" signature="()I" line-rate="1.0" branch-rate="0.2" complexity="0">
							<lines>
								<line number="48" hits="2" branch="true" condition-coverage="20% (4/20)">
									<conditions>
										<condition number="0" type="jump" coverage="50%"/>
										<condition number="1" type="jump" coverage="50%"/>
										<condition number="2" type="jump" coverage="50%"/>
										<condition number="3" type="jump" coverage="0%"/>
										<condition number="4" type="jump" coverage="50%"/>
										<condition number="5" type="jump" coverage="0%"/>
										<condition number="6" type="jump" coverage="0%"/>
										<condition number="7" type="jump" coverage="0%"/>
										<condition number="8" type="jump" coverage="0%"/>
										<condition number="9" type="jump" coverage="0%"/>
									</conditions>
								</line>
							</lines>
						</method>
						<method name="normalize" signature="(Ljava/lang/String;)Ljava/lang/String;" line-rate="1.0" branch-rate="1.0" complexity="0">
							<lines>
								<line number="95" hits="845" branch="false"/>
								<line number="96" hits="845" branch="false"/>
								<line number="97" hits="7601" branch="true" condition-coverage="100% (2/2)">
									<conditions>
										<condition number="0" type="jump" coverage="100%"/>
									</conditions>
								</line>
								<line number="98" hits="6754" branch="true" condition-coverage="100% (2/2)">
									<conditions>
										<condition number="0" type="jump" coverage="100%"/>
									</conditions>
								</line>
								<line number="99" hits="392" branch="false"/>
								<line number="102" hits="846" branch="false"/>
							</lines>
						</method>
						<method name="setValue" signature="(Ljava/lang/Object;)Ljava/lang/Object;" line-rate="1.0" branch-rate="1.0" complexity="0">
							<lines>
							</lines>
						</method>
						<method name="setValue" signature="(Ljava/lang/String;)Ljava/lang/String;" line-rate="0.0" branch-rate="1.0" complexity="0">
							<lines>
								<line number="83" hits="0" branch="false"/>
							</lines>
						</method>
						<method name="toString" signature="()Ljava/lang/String;" line-rate="0.0" branch-rate="1.0" complexity="0">
							<lines>
								<line number="47" hits="0" branch="false"/>
							</lines>
						</method>
						<method name="upper" signature="(C)C" line-rate="1.0" branch-rate="0.75" complexity="0">
							<lines>
								<line number="112" hits="1237" branch="true" condition-coverage="75% (3/4)">
									<conditions>
										<condition number="0" type="jump" coverage="100%"/>
										<condition number="1" type="jump" coverage="50%"/>
									</conditions>
								</line>
								<line number="113" hits="675" branch="false"/>
								<line number="115" hits="561" branch="false"/>
								<line number="117" hits="1236" branch="false"/>
							</lines>
						</method>
					</methods>
					<lines>
						<line number="46" hits="1536" branch="false"/>
						<line number="47" hits="0" branch="false"/>
						<line number="48" hits="2" branch="true" condition-coverage="20% (4/20)">
							<conditions>
								<condition number="0" type="jump" coverage="50%"/>
								<condition number="1" type="jump" coverage="50%"/>
								<condition number="2" type="jump" coverage="50%"/>
								<condition number="3" type="jump" coverage="0%"/>
								<condition number="4" type="jump" coverage="50%"/>
								<condition number="5" type="jump" coverage="0%"/>
								<condition number="6" type="jump" coverage="0%"/>
								<condition number="7" type="jump" coverage="0%"/>
								<condition number="8" type="jump" coverage="0%"/>
								<condition number="9" type="jump" coverage="0%"/>
							</conditions>
						</line>
						<line number="66" hits="377" branch="false"/>
						<line number="67" hits="377" branch="false"/>
						<line number="68" hits="376" branch="false"/>
						<line number="69" hits="376" branch="false"/>
						<line number="73" hits="843" branch="false"/>
						<line number="78" hits="693" branch="false"/>
						<line number="83" hits="0" branch="false"/>
						<line number="95" hits="845" branch="false"/>
						<line number="96" hits="845" branch="false"/>
						<line number="97" hits="7601" branch="true" condition-coverage="100% (2/2)">
							<conditions>
								<condition number="0" type="jump" coverage="100%"/>
							</conditions>
						</line>
						<line number="98" hits="6754" branch="true" condition-coverage="100% (2/2)">
							<conditions>
								<condition number="0" type="jump" coverage="100%"/>
							</conditions>
						</line>
						<line number="99" hits="392" branch="false"/>
						<line number="102" hits="846" branch="false"/>
						<line number="112" hits="1237" branch="true" condition-coverage="75% (3/4)">
							<conditions>
								<condition number="0" type="jump" coverage="100%"/>
								<condition number="1" type="jump" coverage="50%"/>
							</conditions>
						</line>
						<line number="113" hits="675" branch="false"/>
						<line number="115" hits="561" branch="false"/>
						<line number="117" hits="1236" branch="false"/>
					</lines>
				</class>
				<class name="com.jcabi.http.Request" filename="com/jcabi/http/Request.java" line-rate="1.0" branch-rate="1.0" complexity="1.0">
					<methods>
					</methods>
					<lines>
					</lines>
				</class>
				<class name="com.jcabi.http.RequestBody" filename="com/jcabi/http/RequestBody.java" line-rate="1.0" branch-rate="1.0" complexity="1.3333333333333333">
					<methods>
					</methods>
					<lines>
					</lines>
				</class>
				<class name="com.jcabi.http.RequestBody$Printable" filename="com/jcabi/http/RequestBody.java" line-rate="1.0" branch-rate="1.0" complexity="1.3333333333333333">
					<methods>
						<method name="&lt;clinit&gt;" signature="()V" line-rate="1.0" branch-rate="1.0" complexity="0">
							<lines>
								<line number="134" hits="1" branch="false"/>
							</lines>
						</method>
						<method name="&lt;init&gt;" signature="([B)V" line-rate="1.0" branch-rate="1.0" complexity="0">
							<lines>
								<line number="144" hits="149" branch="false"/>
								<line number="145" hits="149" branch="false"/>
								<line number="146" hits="149" branch="false"/>
							</lines>
						</method>
						<method name="toString" signature="()Ljava/lang/String;" line-rate="1.0" branch-rate="1.0" complexity="0">
							<lines>
								<line number="149" hits="149" branch="false"/>
								<line number="150" hits="149" branch="false"/>
								<line number="153" hits="149" branch="true" condition-coverage="100% (2/2)">
									<conditions>
										<condition number="0" type="jump" coverage="100%"/>
									</conditions>
								</line>
								<line number="154" hits="3754" branch="true" condition-coverage="100% (2/2)">
									<conditions>
										<condition number="0" type="jump" coverage="100%"/>
									</conditions>
								</line>
								<line number="156" hits="3685" branch="true" condition-coverage="100% (2/2)">
									<conditions>
										<condition number="0" type="jump" coverage="100%"/>
									</conditions>
								</line>
								<line number="157" hits="3657" branch="false"/>
								<line number="159" hits="28" branch="false"/>
								<line number="165" hits="80" branch="false"/>
								<line number="167" hits="149" branch="false"/>
							</lines>
						</method>
					</methods>
					<lines>
						<line number="134" hits="1" branch="false"/>
						<line number="144" hits="149" branch="false"/>
						<line number="145" hits="149" branch="false"/>
						<line number="146" hits="149" branch="false"/>
						<line number="149" hits="149" branch="false"/>
						<line number="150" hits="149" branch="false"/>
						<line number="153" hits="149" branch="true" condition-coverage="100% (2/2)">
							<conditions>
								<condition number="0" type="jump" coverage="100%"/>
							</conditions>
						</line>
						<line number="154" hits="3754" branch="true" condition-coverage="100% (2/2)">
							<conditions>
								<condition number="0" type="jump" coverage="100%"/>
							</conditions>
						</line>
						<line number="156" hits="3685" branch="true" condition-coverage="100% (2/2)">
							<conditions>
								<condition number="0" type="jump" coverage="100%"/>
							</conditions>
						</line>
						<line number="157" hits="3657" branch="false"/>
						<line number="159" hits="28" branch="false"/>
						<line number="165" hits="80" branch="false"/>
						<line number="167" hits="149" branch="false"/>
					</lines>
				</class>
				<class name="com.jcabi.http.RequestURI" filename="com/jcabi/http/RequestURI.java" line-rate="1.0" branch-rate="1.0" complexity="1.0">
					<methods>
					</methods>
					<lines>
					</lines>
				</class>
				<class name="com.jcabi.http.Response" filename="com/jcabi/http/Response.java" line-rate="1.0" branch-rate="1.0" complexity="1.0">
					<methods>
					</methods>
					<lines>
					</lines>
				</class>
				<class name="com.jcabi.http.Wire" filename="com/jcabi/http/Wire.java" line-rate="1.0" branch-rate="1.0" complexity="1.0">
					<methods>
					</methods>
					<lines>
					</lines>
				</class>
			</classes>
		</package>
		<package name="com.jcabi.http.mock" line-rate="0.8546255506607929" branch-rate="0.1941747572815534" complexity="1.380952380952381">
			<classes>
				<class name="com.jcabi.http.mock.GrizzlyQuery" filename="com/jcabi/http/mock/GrizzlyQuery.java" line-rate="1.0" branch-rate="0.9" complexity="1.5555555555555556">
					<methods>
						<method name="&lt;clinit&gt;" signature="()V" line-rate="1.0" branch-rate="1.0" complexity="0">
							<lines>
								<line number="68" hits="1" branch="false"/>
							</lines>
						</method>
						<method name="&lt;init&gt;" signature="(Lcom/sun/grizzly/tcp/http11/GrizzlyRequest;)V" line-rate="1.0" branch-rate="1.0" complexity="0">
							<lines>
								<line number="96" hits="75" branch="false"/>
								<line number="97" hits="75" branch="false"/>
								<line number="98" hits="74" branch="false"/>
								<line number="99" hits="74" branch="false"/>
								<line number="100" hits="75" branch="false"/>
								<line number="102" hits="75" branch="false"/>
								<line number="103" hits="75" branch="false"/>
								<line number="104" hits="75" branch="false"/>
								<line number="105" hits="75" branch="true" condition-coverage="100% (2/2)">
									<conditions>
										<condition number="0" type="jump" coverage="100%"/>
									</conditions>
								</line>
								<line number="106" hits="15" branch="false"/>
								<line number="107" hits="15" branch="false"/>
								<line number="109" hits="75" branch="false"/>
								<line number="110" hits="75" branch="false"/>
							</lines>
						</method>
						<method name="binary" signature="()[B" line-rate="1.0" branch-rate="1.0" complexity="0">
							<lines>
								<line number="134" hits="1" branch="false"/>
							</lines>
						</method>
						<method name="body" signature="()Ljava/lang/String;" line-rate="1.0" branch-rate="1.0" complexity="0">
							<lines>
								<line number="129" hits="17" branch="false"/>
							</lines>
						</method>
						<method name="headers" signature="()Ljava/util/Map;" line-rate="1.0" branch-rate="1.0" complexity="0">
							<lines>
								<line number="124" hits="10" branch="false"/>
							</lines>
						</method>
						<method name="headers" signature="(Lcom/sun/grizzly/tcp/http11/GrizzlyRequest;)Lcom/jcabi/immutable/ArrayMap;" line-rate="1.0" branch-rate="1.0" complexity="0">
							<lines>
								<line number="158" hits="75" branch="false"/>
								<line number="160" hits="75" branch="false"/>
								<line number="161" hits="544" branch="true" condition-coverage="100% (2/2)">
									<conditions>
										<condition number="0" type="jump" coverage="100%"/>
									</conditions>
								</line>
								<line number="162" hits="469" branch="false"/>
								<line number="163" hits="468" branch="false"/>
								<line number="167" hits="470" branch="false"/>
								<line number="168" hits="75" branch="false"/>
							</lines>
						</method>
						<method name="headers" signature="(Lcom/sun/grizzly/tcp/http11/GrizzlyRequest;Ljava/lang/String;)Ljava/util/List;" line-rate="1.0" branch-rate="1.0" complexity="0">
							<lines>
								<line number="179" hits="470" branch="false"/>
								<line number="180" hits="470" branch="false"/>
								<line number="181" hits="940" branch="true" condition-coverage="100% (2/2)">
									<conditions>
										<condition number="0" type="jump" coverage="100%"/>
									</conditions>
								</line>
								<line number="182" hits="471" branch="false"/>
								<line number="184" hits="468" branch="false"/>
							</lines>
						</method>
						<method name="method" signature="()Ljava/lang/String;" line-rate="1.0" branch-rate="1.0" complexity="0">
							<lines>
								<line number="119" hits="3" branch="false"/>
							</lines>
						</method>
						<method name="uri" signature="()Ljava/net/URI;" line-rate="1.0" branch-rate="1.0" complexity="0">
							<lines>
								<line number="114" hits="6" branch="false"/>
							</lines>
						</method>
						<method name="uri" signature="(Lcom/sun/grizzly/tcp/http11/GrizzlyRequest;)Ljava/lang/String;" line-rate="1.0" branch-rate="0.75" complexity="0">
							<lines>
								<line number="143" hits="75" branch="false"/>
								<line number="144" hits="74" branch="false"/>
								<line number="145" hits="74" branch="true" condition-coverage="75% (3/4)">
									<conditions>
										<condition number="0" type="jump" coverage="100%"/>
										<condition number="1" type="jump" coverage="50%"/>
									</conditions>
								</line>
								<line number="146" hits="3" branch="false"/>
								<line number="148" hits="74" branch="false"/>
							</lines>
						</method>
					</methods>
					<lines>
						<line number="68" hits="1" branch="false"/>
						<line number="96" hits="75" branch="false"/>
						<line number="97" hits="75" branch="false"/>
						<line number="98" hits="74" branch="false"/>
						<line number="99" hits="74" branch="false"/>
						<line number="100" hits="75" branch="false"/>
						<line number="102" hits="75" branch="false"/>
						<line number="103" hits="75" branch="false"/>
						<line number="104" hits="75" branch="false"/>
						<line number="105" hits="75" branch="true" condition-coverage="100% (2/2)">
							<conditions>
								<condition number="0" type="jump" coverage="100%"/>
							</conditions>
						</line>
						<line number="106" hits="15" branch="false"/>
						<line number="107" hits="15" branch="false"/>
						<line number="109" hits="75" branch="false"/>
						<line number="110" hits="75" branch="false"/>
						<line number="114" hits="6" branch="false"/>
						<line number="119" hits="3" branch="false"/>
						<line number="124" hits="10" branch="false"/>
						<line number="129" hits="17" branch="false"/>
						<line number="134" hits="1" branch="false"/>
						<line number="143" hits="75" branch="false"/>
						<line number="144" hits="74" branch="false"/>
						<line number="145" hits="74" branch="true" condition-coverage="75% (3/4)">
							<conditions>
								<condition number="0" type="jump" coverage="100%"/>
								<condition number="1" type="jump" coverage="50%"/>
							</conditions>
						</line>
						<line number="146" hits="3" branch="false"/>
						<line number="148" hits="74" branch="false"/>
						<line number="158" hits="75" branch="false"/>
						<line number="160" hits="75" branch="false"/>
						<line number="161" hits="544" branch="true" condition-coverage="100% (2/2)">
							<conditions>
								<condition number="0" type="jump" coverage="100%"/>
							</conditions>
						</line>
						<line number="162" hits="469" branch="false"/>
						<line number="163" hits="468" branch="false"/>
						<line number="167" hits="470" branch="false"/>
						<line number="168" hits="75" branch="false"/>
						<line number="179" hits="470" branch="false"/>
						<line number="180" hits="470" branch="false"/>
						<line number="181" hits="940" branch="true" condition-coverage="100% (2/2)">
							<conditions>
								<condition number="0" type="jump" coverage="100%"/>
							</conditions>
						</line>
						<line number="182" hits="471" branch="false"/>
						<line number="184" hits="468" branch="false"/>
					</lines>
				</class>
				<class name="com.jcabi.http.mock.MkAnswer" filename="com/jcabi/http/mock/MkAnswer.java" line-rate="1.0" branch-rate="1.0" complexity="1.1428571428571428">
					<methods>
					</methods>
					<lines>
					</lines>
				</class>
				<class name="com.jcabi.http.mock.MkAnswer$Simple" filename="com/jcabi/http/mock/MkAnswer.java" line-rate="0.7586206896551724" branch-rate="0.1" complexity="1.1428571428571428">
					<methods>
						<method name="&lt;clinit&gt;" signature="()V" line-rate="1.0" branch-rate="1.0" complexity="0">
							<lines>
								<line number="87" hits="1" branch="false"/>
							</lines>
						</method>
						<method name="&lt;init&gt;" signature="(I)V" line-rate="1.0" branch-rate="1.0" complexity="0">
							<lines>
								<line number="114" hits="3" branch="false"/>
								<line number="115" hits="3" branch="false"/>
							</lines>
						</method>
						<method name="&lt;init&gt;" signature="(ILjava/lang/Iterable;[B)V" line-rate="1.0" branch-rate="1.0" complexity="0">
							<lines>
								<line number="135" hits="90" branch="false"/>
								<line number="136" hits="90" branch="false"/>
								<line number="137" hits="90" branch="false"/>
								<line number="138" hits="90" branch="false"/>
								<line number="139" hits="90" branch="false"/>
							</lines>
						</method>
						<method name="&lt;init&gt;" signature="(ILjava/lang/String;)V" line-rate="1.0" branch-rate="1.0" complexity="0">
							<lines>
								<line number="122" hits="70" branch="false"/>
								<line number="126" hits="70" branch="false"/>
							</lines>
						</method>
						<method name="&lt;init&gt;" signature="(Ljava/lang/String;)V" line-rate="1.0" branch-rate="1.0" complexity="0">
							<lines>
								<line number="106" hits="62" branch="false"/>
								<line number="107" hits="62" branch="false"/>
							</lines>
						</method>
						<method name="body" signature="()Ljava/lang/String;" line-rate="1.0" branch-rate="1.0" complexity="0">
							<lines>
								<line number="157" hits="77" branch="false"/>
							</lines>
						</method>
						<method name="equals" signature="(Ljava/lang/Object;)Z" line-rate="1.0" branch-rate="1.0" complexity="0">
							<lines>
							</lines>
						</method>
						<method name="hashCode" signature="()I" line-rate="0.0" branch-rate="0.0" complexity="0">
							<lines>
								<line number="81" hits="0" branch="true" condition-coverage="0% (0/16)">
									<conditions>
										<condition number="0" type="jump" coverage="0%"/>
										<condition number="1" type="jump" coverage="0%"/>
										<condition number="2" type="jump" coverage="0%"/>
										<condition number="3" type="jump" coverage="0%"/>
										<condition number="4" type="jump" coverage="0%"/>
										<condition number="5" type="jump" coverage="0%"/>
										<condition number="6" type="jump" coverage="0%"/>
										<condition number="7" type="jump" coverage="0%"/>
									</conditions>
								</line>
							</lines>
						</method>
						<method name="headers" signature="()Ljava/util/Map;" line-rate="1.0" branch-rate="1.0" complexity="0">
							<lines>
								<line number="147" hits="90" branch="false"/>
								<line number="149" hits="90" branch="true" condition-coverage="100% (2/2)">
									<conditions>
										<condition number="0" type="jump" coverage="100%"/>
									</conditions>
								</line>
								<line number="150" hits="50" branch="false"/>
								<line number="151" hits="50" branch="false"/>
								<line number="152" hits="50" branch="false"/>
								<line number="153" hits="90" branch="false"/>
							</lines>
						</method>
						<method name="status" signature="()I" line-rate="1.0" branch-rate="1.0" complexity="0">
							<lines>
								<line number="142" hits="73" branch="false"/>
							</lines>
						</method>
						<method name="toString" signature="()Ljava/lang/String;" line-rate="0.0" branch-rate="0.0" complexity="0">
							<lines>
								<line number="161" hits="0" branch="false"/>
								<line number="163" hits="0" branch="true" condition-coverage="0% (0/2)">
									<conditions>
										<condition number="0" type="jump" coverage="0%"/>
									</conditions>
								</line>
								<line number="164" hits="0" branch="false"/>
								<line number="171" hits="0" branch="false"/>
								<line number="172" hits="0" branch="false"/>
							</lines>
						</method>
						<method name="withBody" signature="(Ljava/lang/String;)Lcom/jcabi/http/mock/MkAnswer$Simple;" line-rate="0.0" branch-rate="1.0" complexity="0">
							<lines>
								<line number="208" hits="0" branch="false"/>
							</lines>
						</method>
						<method name="withHeader" signature="(Ljava/lang/String;Ljava/lang/String;)Lcom/jcabi/http/mock/MkAnswer$Simple;" line-rate="1.0" branch-rate="1.0" complexity="0">
							<lines>
								<line number="184" hits="18" branch="false"/>
							</lines>
						</method>
						<method name="withStatus" signature="(I)Lcom/jcabi/http/mock/MkAnswer$Simple;" line-rate="1.0" branch-rate="1.0" complexity="0">
							<lines>
								<line number="196" hits="2" branch="false"/>
							</lines>
						</method>
					</methods>
					<lines>
						<line number="81" hits="0" branch="true" condition-coverage="0% (0/16)">
							<conditions>
								<condition number="0" type="jump" coverage="0%"/>
								<condition number="1" type="jump" coverage="0%"/>
								<condition number="2" type="jump" coverage="0%"/>
								<condition number="3" type="jump" coverage="0%"/>
								<condition number="4" type="jump" coverage="0%"/>
								<condition number="5" type="jump" coverage="0%"/>
								<condition number="6" type="jump" coverage="0%"/>
								<condition number="7" type="jump" coverage="0%"/>
							</conditions>
						</line>
						<line number="87" hits="1" branch="false"/>
						<line number="106" hits="62" branch="false"/>
						<line number="107" hits="62" branch="false"/>
						<line number="114" hits="3" branch="false"/>
						<line number="115" hits="3" branch="false"/>
						<line number="122" hits="70" branch="false"/>
						<line number="126" hits="70" branch="false"/>
						<line number="135" hits="90" branch="false"/>
						<line number="136" hits="90" branch="false"/>
						<line number="137" hits="90" branch="false"/>
						<line number="138" hits="90" branch="false"/>
						<line number="139" hits="90" branch="false"/>
						<line number="142" hits="73" branch="false"/>
						<line number="147" hits="90" branch="false"/>
						<line number="149" hits="90" branch="true" condition-coverage="100% (2/2)">
							<conditions>
								<condition number="0" type="jump" coverage="100%"/>
							</conditions>
						</line>
						<line number="150" hits="50" branch="false"/>
						<line number="151" hits="50" branch="false"/>
						<line number="152" hits="50" branch="false"/>
						<line number="153" hits="90" branch="false"/>
						<line number="157" hits="77" branch="false"/>
						<line number="161" hits="0" branch="false"/>
						<line number="163" hits="0" branch="true" condition-coverage="0% (0/2)">
							<conditions>
								<condition number="0" type="jump" coverage="0%"/>
							</conditions>
						</line>
						<line number="164" hits="0" branch="false"/>
						<line number="171" hits="0" branch="false"/>
						<line number="172" hits="0" branch="false"/>
						<line number="184" hits="18" branch="false"/>
						<line number="196" hits="2" branch="false"/>
						<line number="208" hits="0" branch="false"/>
					</lines>
				</class>
				<class name="com.jcabi.http.mock.MkAnswerBodyMatcher" filename="com/jcabi/http/mock/MkAnswerBodyMatcher.java" line-rate="0.625" branch-rate="0.0" complexity="1.0">
					<methods>
						<method name="&lt;init&gt;" signature="(Lorg/hamcrest/Matcher;)V" line-rate="1.0" branch-rate="1.0" complexity="0">
							<lines>
								<line number="56" hits="3" branch="false"/>
								<line number="57" hits="3" branch="false"/>
								<line number="58" hits="3" branch="false"/>
							</lines>
						</method>
						<method name="canEqual" signature="(Ljava/lang/Object;)Z" line-rate="1.0" branch-rate="1.0" complexity="0">
							<lines>
							</lines>
						</method>
						<method name="describeTo" signature="(Lorg/hamcrest/Description;)V" line-rate="0.0" branch-rate="1.0" complexity="0">
							<lines>
								<line number="62" hits="0" branch="false"/>
								<line number="65" hits="0" branch="false"/>
							</lines>
						</method>
						<method name="equals" signature="(Ljava/lang/Object;)Z" line-rate="1.0" branch-rate="1.0" complexity="0">
							<lines>
							</lines>
						</method>
						<method name="hashCode" signature="()I" line-rate="0.0" branch-rate="0.0" complexity="0">
							<lines>
								<line number="44" hits="0" branch="true" condition-coverage="0% (0/14)">
									<conditions>
										<condition number="0" type="jump" coverage="0%"/>
										<condition number="1" type="jump" coverage="0%"/>
										<condition number="2" type="jump" coverage="0%"/>
										<condition number="3" type="jump" coverage="0%"/>
										<condition number="4" type="jump" coverage="0%"/>
										<condition number="5" type="jump" coverage="0%"/>
										<condition number="6" type="jump" coverage="0%"/>
									</conditions>
								</line>
							</lines>
						</method>
						<method name="matchesSafely" signature="(Lcom/jcabi/http/mock/MkAnswer;)Z" line-rate="1.0" branch-rate="1.0" complexity="0">
							<lines>
								<line number="69" hits="5" branch="false"/>
							</lines>
						</method>
						<method name="matchesSafely" signature="(Ljava/lang/Object;)Z" line-rate="1.0" branch-rate="1.0" complexity="0">
							<lines>
								<line number="43" hits="5" branch="false"/>
							</lines>
						</method>
						<method name="toString" signature="()Ljava/lang/String;" line-rate="1.0" branch-rate="1.0" complexity="0">
							<lines>
							</lines>
						</method>
					</methods>
					<lines>
						<line number="43" hits="5" branch="false"/>
						<line number="44" hits="0" branch="true" condition-coverage="0% (0/14)">
							<conditions>
								<condition number="0" type="jump" coverage="0%"/>
								<condition number="1" type="jump" coverage="0%"/>
								<condition number="2" type="jump" coverage="0%"/>
								<condition number="3" type="jump" coverage="0%"/>
								<condition number="4" type="jump" coverage="0%"/>
								<condition number="5" type="jump" coverage="0%"/>
								<condition number="6" type="jump" coverage="0%"/>
							</conditions>
						</line>
						<line number="56" hits="3" branch="false"/>
						<line number="57" hits="3" branch="false"/>
						<line number="58" hits="3" branch="false"/>
						<line number="62" hits="0" branch="false"/>
						<line number="65" hits="0" branch="false"/>
						<line number="69" hits="5" branch="false"/>
					</lines>
				</class>
				<class name="com.jcabi.http.mock.MkAnswerHeaderMatcher" filename="com/jcabi/http/mock/MkAnswerHeaderMatcher.java" line-rate="0.6666666666666666" branch-rate="0.07692307692307693" complexity="1.3333333333333333">
					<methods>
						<method name="&lt;init&gt;" signature="(Ljava/lang/String;Lorg/hamcrest/Matcher;)V" line-rate="1.0" branch-rate="1.0" complexity="0">
							<lines>
								<line number="63" hits="1" branch="false"/>
								<line number="64" hits="1" branch="false"/>
								<line number="65" hits="1" branch="false"/>
								<line number="66" hits="1" branch="false"/>
							</lines>
						</method>
						<method name="canEqual" signature="(Ljava/lang/Object;)Z" line-rate="1.0" branch-rate="1.0" complexity="0">
							<lines>
							</lines>
						</method>
						<method name="describeTo" signature="(Lorg/hamcrest/Description;)V" line-rate="0.0" branch-rate="1.0" complexity="0">
							<lines>
								<line number="70" hits="0" branch="false"/>
								<line number="75" hits="0" branch="false"/>
							</lines>
						</method>
						<method name="equals" signature="(Ljava/lang/Object;)Z" line-rate="1.0" branch-rate="1.0" complexity="0">
							<lines>
							</lines>
						</method>
						<method name="hashCode" signature="()I" line-rate="0.0" branch-rate="0.0" complexity="0">
							<lines>
								<line number="44" hits="0" branch="true" condition-coverage="0% (0/22)">
									<conditions>
										<condition number="0" type="jump" coverage="0%"/>
										<condition number="1" type="jump" coverage="0%"/>
										<condition number="2" type="jump" coverage="0%"/>
										<condition number="3" type="jump" coverage="0%"/>
										<condition number="4" type="jump" coverage="0%"/>
										<condition number="5" type="jump" coverage="0%"/>
										<condition number="6" type="jump" coverage="0%"/>
										<condition number="7" type="jump" coverage="0%"/>
										<condition number="8" type="jump" coverage="0%"/>
										<condition number="9" type="jump" coverage="0%"/>
										<condition number="10" type="jump" coverage="0%"/>
									</conditions>
								</line>
							</lines>
						</method>
						<method name="matchesSafely" signature="(Lcom/jcabi/http/mock/MkAnswer;)Z" line-rate="1.0" branch-rate="0.5" complexity="0">
							<lines>
								<line number="79" hits="1" branch="true" condition-coverage="50% (2/4)">
									<conditions>
										<condition number="0" type="jump" coverage="50%"/>
										<condition number="1" type="jump" coverage="50%"/>
									</conditions>
								</line>
							</lines>
						</method>
						<method name="matchesSafely" signature="(Ljava/lang/Object;)Z" line-rate="1.0" branch-rate="1.0" complexity="0">
							<lines>
								<line number="43" hits="1" branch="false"/>
							</lines>
						</method>
						<method name="toString" signature="()Ljava/lang/String;" line-rate="1.0" branch-rate="1.0" complexity="0">
							<lines>
							</lines>
						</method>
					</methods>
					<lines>
						<line number="43" hits="1" branch="false"/>
						<line number="44" hits="0" branch="true" condition-coverage="0% (0/22)">
							<conditions>
								<condition number="0" type="jump" coverage="0%"/>
								<condition number="1" type="jump" coverage="0%"/>
								<condition number="2" type="jump" coverage="0%"/>
								<condition number="3" type="jump" coverage="0%"/>
								<condition number="4" type="jump" coverage="0%"/>
								<condition number="5" type="jump" coverage="0%"/>
								<condition number="6" type="jump" coverage="0%"/>
								<condition number="7" type="jump" coverage="0%"/>
								<condition number="8" type="jump" coverage="0%"/>
								<condition number="9" type="jump" coverage="0%"/>
								<condition number="10" type="jump" coverage="0%"/>
							</conditions>
						</line>
						<line number="63" hits="1" branch="false"/>
						<line number="64" hits="1" branch="false"/>
						<line number="65" hits="1" branch="false"/>
						<line number="66" hits="1" branch="false"/>
						<line number="70" hits="0" branch="false"/>
						<line number="75" hits="0" branch="false"/>
						<line number="79" hits="1" branch="true" condition-coverage="50% (2/4)">
							<conditions>
								<condition number="0" type="jump" coverage="50%"/>
								<condition number="1" type="jump" coverage="50%"/>
							</conditions>
						</line>
					</lines>
				</class>
				<class name="com.jcabi.http.mock.MkAnswerMatchers" filename="com/jcabi/http/mock/MkAnswerMatchers.java" line-rate="0.5" branch-rate="1.0" complexity="1.0">
					<methods>
						<method name="&lt;init&gt;" signature="()V" line-rate="0.0" branch-rate="1.0" complexity="0">
							<lines>
								<line number="43" hits="0" branch="false"/>
								<line number="45" hits="0" branch="false"/>
							</lines>
						</method>
						<method name="hasBody" signature="(Lorg/hamcrest/Matcher;)Lorg/hamcrest/Matcher;" line-rate="1.0" branch-rate="1.0" complexity="0">
							<lines>
								<line number="54" hits="3" branch="false"/>
							</lines>
						</method>
						<method name="hasHeader" signature="(Ljava/lang/String;Lorg/hamcrest/Matcher;)Lorg/hamcrest/Matcher;" line-rate="1.0" branch-rate="1.0" complexity="0">
							<lines>
								<line number="68" hits="1" branch="false"/>
							</lines>
						</method>
					</methods>
					<lines>
						<line number="43" hits="0" branch="false"/>
						<line number="45" hits="0" branch="false"/>
						<line number="54" hits="3" branch="false"/>
						<line number="68" hits="1" branch="false"/>
					</lines>
				</class>
				<class name="com.jcabi.http.mock.MkContainer" filename="com/jcabi/http/mock/MkContainer.java" line-rate="1.0" branch-rate="1.0" complexity="1.0">
					<methods>
					</methods>
					<lines>
					</lines>
				</class>
				<class name="com.jcabi.http.mock.MkGrizzlyAdapter" filename="com/jcabi/http/mock/MkGrizzlyAdapter.java" line-rate="0.927536231884058" branch-rate="0.8333333333333334" complexity="2.4285714285714284">
					<methods>
						<method name="&lt;clinit&gt;" signature="()V" line-rate="1.0" branch-rate="1.0" complexity="0">
							<lines>
								<line number="70" hits="1" branch="false"/>
							</lines>
						</method>
						<method name="&lt;init&gt;" signature="()V" line-rate="1.0" branch-rate="1.0" complexity="0">
							<lines>
								<line number="60" hits="54" branch="false"/>
								<line number="75" hits="54" branch="false"/>
								<line number="81" hits="54" branch="false"/>
								<line number="306" hits="54" branch="false"/>
							</lines>
						</method>
						<method name="fail" signature="(Lcom/sun/grizzly/tcp/http11/GrizzlyResponse;Ljava/lang/Throwable;)V" line-rate="0.7777777777777778" branch-rate="1.0" complexity="0">
							<lines>
								<line number="225" hits="1" branch="false"/>
								<line number="228" hits="1" branch="false"/>
								<line number="234" hits="0" branch="false"/>
								<line number="235" hits="0" branch="false"/>
								<line number="236" hits="1" branch="false"/>
								<line number="238" hits="1" branch="false"/>
								<line number="240" hits="1" branch="false"/>
								<line number="241" hits="1" branch="false"/>
								<line number="242" hits="1" branch="false"/>
							</lines>
						</method>
						<method name="next" signature="(Lcom/jcabi/http/mock/MkAnswer;Lorg/hamcrest/Matcher;I)V" line-rate="1.0" branch-rate="1.0" complexity="0">
							<lines>
								<line number="150" hits="70" branch="false"/>
								<line number="151" hits="70" branch="false"/>
							</lines>
						</method>
						<method name="queries" signature="()I" line-rate="1.0" branch-rate="1.0" complexity="0">
							<lines>
								<line number="215" hits="3" branch="false"/>
							</lines>
						</method>
						<method name="service" signature="(Lcom/sun/grizzly/tcp/http11/GrizzlyRequest;Lcom/sun/grizzly/tcp/http11/GrizzlyResponse;)V" line-rate="1.0" branch-rate="1.0" complexity="0">
							<lines>
								<line number="97" hits="74" branch="false"/>
								<line number="98" hits="74" branch="false"/>
								<line number="99" hits="74" branch="false"/>
								<line number="100" hits="76" branch="true" condition-coverage="100% (2/2)">
									<conditions>
										<condition number="0" type="jump" coverage="100%"/>
									</conditions>
								</line>
								<line number="101" hits="75" branch="false"/>
								<line number="102" hits="75" branch="true" condition-coverage="100% (2/2)">
									<conditions>
										<condition number="0" type="jump" coverage="100%"/>
									</conditions>
								</line>
								<line number="103" hits="73" branch="false"/>
								<line number="104" hits="73" branch="false"/>
								<line number="105" hits="73" branch="false"/>
								<line number="106" hits="73" branch="true" condition-coverage="100% (2/2)">
									<conditions>
										<condition number="0" type="jump" coverage="100%"/>
									</conditions>
								</line>
								<line number="108" hits="17" branch="true" condition-coverage="100% (2/2)">
									<conditions>
										<condition number="0" type="jump" coverage="100%"/>
									</conditions>
								</line>
								<line number="109" hits="21" branch="false"/>
								<line number="110" hits="21" branch="false"/>
								<line number="111" hits="17" branch="false"/>
								<line number="112" hits="73" branch="false"/>
								<line number="120" hits="73" branch="false"/>
								<line number="121" hits="73" branch="false"/>
								<line number="123" hits="73" branch="false"/>
								<line number="124" hits="73" branch="false"/>
								<line number="125" hits="73" branch="true" condition-coverage="100% (2/2)">
									<conditions>
										<condition number="0" type="jump" coverage="100%"/>
									</conditions>
								</line>
								<line number="126" hits="64" branch="false"/>
								<line number="130" hits="2" branch="false"/>
								<line number="131" hits="74" branch="true" condition-coverage="100% (2/2)">
									<conditions>
										<condition number="0" type="jump" coverage="100%"/>
									</conditions>
								</line>
								<line number="132" hits="1" branch="false"/>
								<line number="135" hits="1" branch="false"/>
								<line number="136" hits="1" branch="false"/>
								<line number="137" hits="73" branch="false"/>
								<line number="138" hits="74" branch="false"/>
							</lines>
						</method>
						<method name="take" signature="()Lcom/jcabi/http/mock/MkQuery;" line-rate="1.0" branch-rate="1.0" complexity="0">
							<lines>
								<line number="158" hits="27" branch="false"/>
							</lines>
						</method>
						<method name="take" signature="(Lorg/hamcrest/Matcher;)Lcom/jcabi/http/mock/MkQuery;" line-rate="0.8333333333333334" branch-rate="0.5" complexity="0">
							<lines>
								<line number="169" hits="1" branch="false"/>
								<line number="170" hits="1" branch="false"/>
								<line number="171" hits="1" branch="true" condition-coverage="50% (1/2)">
									<conditions>
										<condition number="0" type="jump" coverage="50%"/>
									</conditions>
								</line>
								<line number="172" hits="1" branch="false"/>
								<line number="173" hits="1" branch="true" condition-coverage="50% (1/2)">
									<conditions>
										<condition number="0" type="jump" coverage="50%"/>
									</conditions>
								</line>
								<line number="174" hits="1" branch="false"/>
								<line number="175" hits="1" branch="false"/>
								<line number="176" hits="1" branch="false"/>
								<line number="178" hits="0" branch="false"/>
								<line number="179" hits="1" branch="true" condition-coverage="50% (1/2)">
									<conditions>
										<condition number="0" type="jump" coverage="50%"/>
									</conditions>
								</line>
								<line number="181" hits="0" branch="false"/>
								<line number="183" hits="1" branch="false"/>
							</lines>
						</method>
						<method name="takeAll" signature="(Lorg/hamcrest/Matcher;)Ljava/util/Collection;" line-rate="0.9090909090909091" branch-rate="0.8333333333333334" complexity="0">
							<lines>
								<line number="195" hits="3" branch="false"/>
								<line number="196" hits="3" branch="false"/>
								<line number="197" hits="12" branch="true" condition-coverage="100% (2/2)">
									<conditions>
										<condition number="0" type="jump" coverage="100%"/>
									</conditions>
								</line>
								<line number="198" hits="9" branch="false"/>
								<line number="199" hits="9" branch="true" condition-coverage="100% (2/2)">
									<conditions>
										<condition number="0" type="jump" coverage="100%"/>
									</conditions>
								</line>
								<line number="200" hits="8" branch="false"/>
								<line number="201" hits="8" branch="false"/>
								<line number="203" hits="9" branch="false"/>
								<line number="204" hits="3" branch="true" condition-coverage="50% (1/2)">
									<conditions>
										<condition number="0" type="jump" coverage="50%"/>
									</conditions>
								</line>
								<line number="205" hits="0" branch="false"/>
								<line number="207" hits="3" branch="false"/>
							</lines>
						</method>
					</methods>
					<lines>
						<line number="60" hits="54" branch="false"/>
						<line number="70" hits="1" branch="false"/>
						<line number="75" hits="54" branch="false"/>
						<line number="81" hits="54" branch="false"/>
						<line number="97" hits="74" branch="false"/>
						<line number="98" hits="74" branch="false"/>
						<line number="99" hits="74" branch="false"/>
						<line number="100" hits="76" branch="true" condition-coverage="100% (2/2)">
							<conditions>
								<condition number="0" type="jump" coverage="100%"/>
							</conditions>
						</line>
						<line number="101" hits="75" branch="false"/>
						<line number="102" hits="75" branch="true" condition-coverage="100% (2/2)">
							<conditions>
								<condition number="0" type="jump" coverage="100%"/>
							</conditions>
						</line>
						<line number="103" hits="73" branch="false"/>
						<line number="104" hits="73" branch="false"/>
						<line number="105" hits="73" branch="false"/>
						<line number="106" hits="73" branch="true" condition-coverage="100% (2/2)">
							<conditions>
								<condition number="0" type="jump" coverage="100%"/>
							</conditions>
						</line>
						<line number="108" hits="17" branch="true" condition-coverage="100% (2/2)">
							<conditions>
								<condition number="0" type="jump" coverage="100%"/>
							</conditions>
						</line>
						<line number="109" hits="21" branch="false"/>
						<line number="110" hits="21" branch="false"/>
						<line number="111" hits="17" branch="false"/>
						<line number="112" hits="73" branch="false"/>
						<line number="120" hits="73" branch="false"/>
						<line number="121" hits="73" branch="false"/>
						<line number="123" hits="73" branch="false"/>
						<line number="124" hits="73" branch="false"/>
						<line number="125" hits="73" branch="true" condition-coverage="100% (2/2)">
							<conditions>
								<condition number="0" type="jump" coverage="100%"/>
							</conditions>
						</line>
						<line number="126" hits="64" branch="false"/>
						<line number="130" hits="2" branch="false"/>
						<line number="131" hits="74" branch="true" condition-coverage="100% (2/2)">
							<conditions>
								<condition number="0" type="jump" coverage="100%"/>
							</conditions>
						</line>
						<line number="132" hits="1" branch="false"/>
						<line number="135" hits="1" branch="false"/>
						<line number="136" hits="1" branch="false"/>
						<line number="137" hits="73" branch="false"/>
						<line number="138" hits="74" branch="false"/>
						<line number="150" hits="70" branch="false"/>
						<line number="151" hits="70" branch="false"/>
						<line number="158" hits="27" branch="false"/>
						<line number="169" hits="1" branch="false"/>
						<line number="170" hits="1" branch="false"/>
						<line number="171" hits="1" branch="true" condition-coverage="50% (1/2)">
							<conditions>
								<condition number="0" type="jump" coverage="50%"/>
							</conditions>
						</line>
						<line number="172" hits="1" branch="false"/>
						<line number="173" hits="1" branch="true" condition-coverage="50% (1/2)">
							<conditions>
								<condition number="0" type="jump" coverage="50%"/>
							</conditions>
						</line>
						<line number="174" hits="1" branch="false"/>
						<line number="175" hits="1" branch="false"/>
						<line number="176" hits="1" branch="false"/>
						<line number="178" hits="0" branch="false"/>
						<line number="179" hits="1" branch="true" condition-coverage="50% (1/2)">
							<conditions>
								<condition number="0" type="jump" coverage="50%"/>
							</conditions>
						</line>
						<line number="181" hits="0" branch="false"/>
						<line number="183" hits="1" branch="false"/>
						<line number="195" hits="3" branch="false"/>
						<line number="196" hits="3" branch="false"/>
						<line number="197" hits="12" branch="true" condition-coverage="100% (2/2)">
							<conditions>
								<condition number="0" type="jump" coverage="100%"/>
							</conditions>
						</line>
						<line number="198" hits="9" branch="false"/>
						<line number="199" hits="9" branch="true" condition-coverage="100% (2/2)">
							<conditions>
								<condition number="0" type="jump" coverage="100%"/>
							</conditions>
						</line>
						<line number="200" hits="8" branch="false"/>
						<line number="201" hits="8" branch="false"/>
						<line number="203" hits="9" branch="false"/>
						<line number="204" hits="3" branch="true" condition-coverage="50% (1/2)">
							<conditions>
								<condition number="0" type="jump" coverage="50%"/>
							</conditions>
						</line>
						<line number="205" hits="0" branch="false"/>
						<line number="207" hits="3" branch="false"/>
						<line number="215" hits="3" branch="false"/>
						<line number="225" hits="1" branch="false"/>
						<line number="228" hits="1" branch="false"/>
						<line number="234" hits="0" branch="false"/>
						<line number="235" hits="0" branch="false"/>
						<line number="236" hits="1" branch="false"/>
						<line number="238" hits="1" branch="false"/>
						<line number="240" hits="1" branch="false"/>
						<line number="241" hits="1" branch="false"/>
						<line number="242" hits="1" branch="false"/>
						<line number="306" hits="54" branch="false"/>
					</lines>
				</class>
				<class name="com.jcabi.http.mock.MkGrizzlyAdapter$Conditional" filename="com/jcabi/http/mock/MkGrizzlyAdapter.java" line-rate="0.8181818181818182" branch-rate="0.045454545454545456" complexity="2.4285714285714284">
					<methods>
						<method name="&lt;init&gt;" signature="(Lcom/jcabi/http/mock/MkAnswer;Lorg/hamcrest/Matcher;I)V" line-rate="0.8571428571428571" branch-rate="0.5" complexity="0">
							<lines>
								<line number="268" hits="70" branch="false"/>
								<line number="269" hits="70" branch="false"/>
								<line number="270" hits="70" branch="false"/>
								<line number="271" hits="70" branch="true" condition-coverage="50% (1/2)">
									<conditions>
										<condition number="0" type="jump" coverage="50%"/>
									</conditions>
								</line>
								<line number="272" hits="0" branch="false"/>
								<line number="276" hits="70" branch="false"/>
								<line number="278" hits="70" branch="false"/>
							</lines>
						</method>
						<method name="answer" signature="()Lcom/jcabi/http/mock/MkAnswer;" line-rate="1.0" branch-rate="1.0" complexity="0">
							<lines>
								<line number="284" hits="73" branch="false"/>
							</lines>
						</method>
						<method name="decrement" signature="()I" line-rate="1.0" branch-rate="1.0" complexity="0">
							<lines>
								<line number="299" hits="73" branch="false"/>
							</lines>
						</method>
						<method name="equals" signature="(Ljava/lang/Object;)Z" line-rate="1.0" branch-rate="1.0" complexity="0">
							<lines>
							</lines>
						</method>
						<method name="hashCode" signature="()I" line-rate="0.0" branch-rate="0.0" complexity="0">
							<lines>
								<line number="247" hits="0" branch="true" condition-coverage="0% (0/20)">
									<conditions>
										<condition number="0" type="jump" coverage="0%"/>
										<condition number="1" type="jump" coverage="0%"/>
										<condition number="2" type="jump" coverage="0%"/>
										<condition number="3" type="jump" coverage="0%"/>
										<condition number="4" type="jump" coverage="0%"/>
										<condition number="5" type="jump" coverage="0%"/>
										<condition number="6" type="jump" coverage="0%"/>
										<condition number="7" type="jump" coverage="0%"/>
										<condition number="8" type="jump" coverage="0%"/>
										<condition number="9" type="jump" coverage="0%"/>
									</conditions>
								</line>
							</lines>
						</method>
						<method name="matches" signature="(Lcom/jcabi/http/mock/MkQuery;)Z" line-rate="1.0" branch-rate="1.0" complexity="0">
							<lines>
								<line number="292" hits="75" branch="false"/>
							</lines>
						</method>
					</methods>
					<lines>
						<line number="247" hits="0" branch="true" condition-coverage="0% (0/20)">
							<conditions>
								<condition number="0" type="jump" coverage="0%"/>
								<condition number="1" type="jump" coverage="0%"/>
								<condition number="2" type="jump" coverage="0%"/>
								<condition number="3" type="jump" coverage="0%"/>
								<condition number="4" type="jump" coverage="0%"/>
								<condition number="5" type="jump" coverage="0%"/>
								<condition number="6" type="jump" coverage="0%"/>
								<condition number="7" type="jump" coverage="0%"/>
								<condition number="8" type="jump" coverage="0%"/>
								<condition number="9" type="jump" coverage="0%"/>
							</conditions>
						</line>
						<line number="268" hits="70" branch="false"/>
						<line number="269" hits="70" branch="false"/>
						<line number="270" hits="70" branch="false"/>
						<line number="271" hits="70" branch="true" condition-coverage="50% (1/2)">
							<conditions>
								<condition number="0" type="jump" coverage="50%"/>
							</conditions>
						</line>
						<line number="272" hits="0" branch="false"/>
						<line number="276" hits="70" branch="false"/>
						<line number="278" hits="70" branch="false"/>
						<line number="284" hits="73" branch="false"/>
						<line number="292" hits="75" branch="false"/>
						<line number="299" hits="73" branch="false"/>
					</lines>
				</class>
				<class name="com.jcabi.http.mock.MkGrizzlyAdapter$QueryWithAnswer" filename="com/jcabi/http/mock/MkGrizzlyAdapter.java" line-rate="0.875" branch-rate="0.0" complexity="2.4285714285714284">
					<methods>
						<method name="&lt;init&gt;" signature="(Lcom/jcabi/http/mock/MkQuery;Lcom/jcabi/http/mock/MkAnswer;)V" line-rate="1.0" branch-rate="1.0" complexity="0">
							<lines>
								<line number="321" hits="73" branch="false"/>
								<line number="322" hits="73" branch="false"/>
								<line number="323" hits="73" branch="false"/>
								<line number="324" hits="73" branch="false"/>
							</lines>
						</method>
						<method name="access$000" signature="(Lcom/jcabi/http/mock/MkGrizzlyAdapter$QueryWithAnswer;)Lcom/jcabi/http/mock/MkQuery;" line-rate="1.0" branch-rate="1.0" complexity="0">
							<lines>
								<line number="307" hits="26" branch="false"/>
							</lines>
						</method>
						<method name="answer" signature="()Lcom/jcabi/http/mock/MkAnswer;" line-rate="1.0" branch-rate="1.0" complexity="0">
							<lines>
								<line number="337" hits="10" branch="false"/>
							</lines>
						</method>
						<method name="equals" signature="(Ljava/lang/Object;)Z" line-rate="1.0" branch-rate="1.0" complexity="0">
							<lines>
							</lines>
						</method>
						<method name="hashCode" signature="()I" line-rate="0.0" branch-rate="0.0" complexity="0">
							<lines>
								<line number="306" hits="0" branch="true" condition-coverage="0% (0/20)">
									<conditions>
										<condition number="0" type="jump" coverage="0%"/>
										<condition number="1" type="jump" coverage="0%"/>
										<condition number="2" type="jump" coverage="0%"/>
										<condition number="3" type="jump" coverage="0%"/>
										<condition number="4" type="jump" coverage="0%"/>
										<condition number="5" type="jump" coverage="0%"/>
										<condition number="6" type="jump" coverage="0%"/>
										<condition number="7" type="jump" coverage="0%"/>
										<condition number="8" type="jump" coverage="0%"/>
										<condition number="9" type="jump" coverage="0%"/>
									</conditions>
								</line>
							</lines>
						</method>
						<method name="query" signature="()Lcom/jcabi/http/mock/MkQuery;" line-rate="1.0" branch-rate="1.0" complexity="0">
							<lines>
								<line number="330" hits="9" branch="false"/>
							</lines>
						</method>
					</methods>
					<lines>
						<line number="306" hits="0" branch="true" condition-coverage="0% (0/20)">
							<conditions>
								<condition number="0" type="jump" coverage="0%"/>
								<condition number="1" type="jump" coverage="0%"/>
								<condition number="2" type="jump" coverage="0%"/>
								<condition number="3" type="jump" coverage="0%"/>
								<condition number="4" type="jump" coverage="0%"/>
								<condition number="5" type="jump" coverage="0%"/>
								<condition number="6" type="jump" coverage="0%"/>
								<condition number="7" type="jump" coverage="0%"/>
								<condition number="8" type="jump" coverage="0%"/>
								<condition number="9" type="jump" coverage="0%"/>
							</conditions>
						</line>
						<line number="307" hits="26" branch="false"/>
						<line number="321" hits="73" branch="false"/>
						<line number="322" hits="73" branch="false"/>
						<line number="323" hits="73" branch="false"/>
						<line number="324" hits="73" branch="false"/>
						<line number="330" hits="9" branch="false"/>
						<line number="337" hits="10" branch="false"/>
					</lines>
				</class>
				<class name="com.jcabi.http.mock.MkGrizzlyContainer" filename="com/jcabi/http/mock/MkGrizzlyContainer.java" line-rate="0.9375" branch-rate="0.13333333333333333" complexity="1.2307692307692308">
					<methods>
						<method name="&lt;init&gt;" signature="()V" line-rate="1.0" branch-rate="1.0" complexity="0">
							<lines>
								<line number="55" hits="54" branch="false"/>
								<line number="60" hits="54" branch="false"/>
							</lines>
						</method>
						<method name="close" signature="()V" line-rate="1.0" branch-rate="1.0" complexity="0">
							<lines>
								<line number="152" hits="8" branch="false"/>
								<line number="153" hits="8" branch="false"/>
							</lines>
						</method>
						<method name="equals" signature="(Ljava/lang/Object;)Z" line-rate="1.0" branch-rate="1.0" complexity="0">
							<lines>
							</lines>
						</method>
						<method name="hashCode" signature="()I" line-rate="0.0" branch-rate="0.0" complexity="0">
							<lines>
								<line number="53" hits="0" branch="true" condition-coverage="0% (0/22)">
									<conditions>
										<condition number="0" type="jump" coverage="0%"/>
										<condition number="1" type="jump" coverage="0%"/>
										<condition number="2" type="jump" coverage="0%"/>
										<condition number="3" type="jump" coverage="0%"/>
										<condition number="4" type="jump" coverage="0%"/>
										<condition number="5" type="jump" coverage="0%"/>
										<condition number="6" type="jump" coverage="0%"/>
										<condition number="7" type="jump" coverage="0%"/>
										<condition number="8" type="jump" coverage="0%"/>
										<condition number="9" type="jump" coverage="0%"/>
										<condition number="10" type="jump" coverage="0%"/>
									</conditions>
								</line>
							</lines>
						</method>
						<method name="home" signature="()Ljava/net/URI;" line-rate="1.0" branch-rate="1.0" complexity="0">
							<lines>
								<line number="145" hits="56" branch="false"/>
							</lines>
						</method>
						<method name="next" signature="(Lcom/jcabi/http/mock/MkAnswer;)Lcom/jcabi/http/mock/MkContainer;" line-rate="1.0" branch-rate="1.0" complexity="0">
							<lines>
								<line number="75" hits="61" branch="false"/>
							</lines>
						</method>
						<method name="next" signature="(Lcom/jcabi/http/mock/MkAnswer;Lorg/hamcrest/Matcher;)Lcom/jcabi/http/mock/MkContainer;" line-rate="1.0" branch-rate="1.0" complexity="0">
							<lines>
								<line number="81" hits="66" branch="false"/>
							</lines>
						</method>
						<method name="next" signature="(Lcom/jcabi/http/mock/MkAnswer;Lorg/hamcrest/Matcher;I)Lcom/jcabi/http/mock/MkContainer;" line-rate="1.0" branch-rate="1.0" complexity="0">
							<lines>
								<line number="87" hits="70" branch="false"/>
								<line number="88" hits="70" branch="false"/>
							</lines>
						</method>
						<method name="queries" signature="()I" line-rate="1.0" branch-rate="1.0" complexity="0">
							<lines>
								<line number="108" hits="3" branch="false"/>
							</lines>
						</method>
						<method name="reserve" signature="()I" line-rate="1.0" branch-rate="0.5" complexity="0">
							<lines>
								<line number="162" hits="54" branch="false"/>
								<line number="163" hits="54" branch="false"/>
								<line number="164" hits="54" branch="true" condition-coverage="50% (2/4)">
									<conditions>
										<condition number="0" type="jump" coverage="50%"/>
										<condition number="1" type="jump" coverage="50%"/>
									</conditions>
								</line>
								<line number="165" hits="54" branch="false"/>
							</lines>
						</method>
						<method name="start" signature="()Lcom/jcabi/http/mock/MkContainer;" line-rate="1.0" branch-rate="1.0" complexity="0">
							<lines>
								<line number="113" hits="54" branch="false"/>
							</lines>
						</method>
						<method name="start" signature="(I)Lcom/jcabi/http/mock/MkContainer;" line-rate="0.875" branch-rate="0.5" complexity="0">
							<lines>
								<line number="118" hits="54" branch="true" condition-coverage="50% (1/2)">
									<conditions>
										<condition number="0" type="jump" coverage="50%"/>
									</conditions>
								</line>
								<line number="119" hits="0" branch="false"/>
								<line number="126" hits="54" branch="false"/>
								<line number="127" hits="54" branch="false"/>
								<line number="128" hits="54" branch="false"/>
								<line number="129" hits="54" branch="false"/>
								<line number="130" hits="54" branch="false"/>
								<line number="131" hits="54" branch="false"/>
							</lines>
						</method>
						<method name="stop" signature="()V" line-rate="1.0" branch-rate="0.5" complexity="0">
							<lines>
								<line number="136" hits="54" branch="true" condition-coverage="50% (1/2)">
									<conditions>
										<condition number="0" type="jump" coverage="50%"/>
									</conditions>
								</line>
								<line number="137" hits="54" branch="false"/>
								<line number="139" hits="54" branch="false"/>
								<line number="140" hits="54" branch="false"/>
								<line number="141" hits="54" branch="false"/>
							</lines>
						</method>
						<method name="take" signature="()Lcom/jcabi/http/mock/MkQuery;" line-rate="1.0" branch-rate="1.0" complexity="0">
							<lines>
								<line number="93" hits="27" branch="false"/>
							</lines>
						</method>
						<method name="take" signature="(Lorg/hamcrest/Matcher;)Lcom/jcabi/http/mock/MkQuery;" line-rate="1.0" branch-rate="1.0" complexity="0">
							<lines>
								<line number="98" hits="1" branch="false"/>
							</lines>
						</method>
						<method name="takeAll" signature="(Lorg/hamcrest/Matcher;)Ljava/util/Collection;" line-rate="1.0" branch-rate="1.0" complexity="0">
							<lines>
								<line number="103" hits="3" branch="false"/>
							</lines>
						</method>
					</methods>
					<lines>
						<line number="53" hits="0" branch="true" condition-coverage="0% (0/22)">
							<conditions>
								<condition number="0" type="jump" coverage="0%"/>
								<condition number="1" type="jump" coverage="0%"/>
								<condition number="2" type="jump" coverage="0%"/>
								<condition number="3" type="jump" coverage="0%"/>
								<condition number="4" type="jump" coverage="0%"/>
								<condition number="5" type="jump" coverage="0%"/>
								<condition number="6" type="jump" coverage="0%"/>
								<condition number="7" type="jump" coverage="0%"/>
								<condition number="8" type="jump" coverage="0%"/>
								<condition number="9" type="jump" coverage="0%"/>
								<condition number="10" type="jump" coverage="0%"/>
							</conditions>
						</line>
						<line number="55" hits="54" branch="false"/>
						<line number="60" hits="54" branch="false"/>
						<line number="75" hits="61" branch="false"/>
						<line number="81" hits="66" branch="false"/>
						<line number="87" hits="70" branch="false"/>
						<line number="88" hits="70" branch="false"/>
						<line number="93" hits="27" branch="false"/>
						<line number="98" hits="1" branch="false"/>
						<line number="103" hits="3" branch="false"/>
						<line number="108" hits="3" branch="false"/>
						<line number="113" hits="54" branch="false"/>
						<line number="118" hits="54" branch="true" condition-coverage="50% (1/2)">
							<conditions>
								<condition number="0" type="jump" coverage="50%"/>
							</conditions>
						</line>
						<line number="119" hits="0" branch="false"/>
						<line number="126" hits="54" branch="false"/>
						<line number="127" hits="54" branch="false"/>
						<line number="128" hits="54" branch="false"/>
						<line number="129" hits="54" branch="false"/>
						<line number="130" hits="54" branch="false"/>
						<line number="131" hits="54" branch="false"/>
						<line number="136" hits="54" branch="true" condition-coverage="50% (1/2)">
							<conditions>
								<condition number="0" type="jump" coverage="50%"/>
							</conditions>
						</line>
						<line number="137" hits="54" branch="false"/>
						<line number="139" hits="54" branch="false"/>
						<line number="140" hits="54" branch="false"/>
						<line number="141" hits="54" branch="false"/>
						<line number="145" hits="56" branch="false"/>
						<line number="152" hits="8" branch="false"/>
						<line number="153" hits="8" branch="false"/>
						<line number="162" hits="54" branch="false"/>
						<line number="163" hits="54" branch="false"/>
						<line number="164" hits="54" branch="true" condition-coverage="50% (2/4)">
							<conditions>
								<condition number="0" type="jump" coverage="50%"/>
								<condition number="1" type="jump" coverage="50%"/>
							</conditions>
						</line>
						<line number="165" hits="54" branch="false"/>
					</lines>
				</class>
				<class name="com.jcabi.http.mock.MkQuery" filename="com/jcabi/http/mock/MkQuery.java" line-rate="1.0" branch-rate="1.0" complexity="1.0">
					<methods>
					</methods>
					<lines>
					</lines>
				</class>
				<class name="com.jcabi.http.mock.MkQueryBodyMatcher" filename="com/jcabi/http/mock/MkQueryBodyMatcher.java" line-rate="0.625" branch-rate="0.0" complexity="1.0">
					<methods>
						<method name="&lt;init&gt;" signature="(Lorg/hamcrest/Matcher;)V" line-rate="1.0" branch-rate="1.0" complexity="0">
							<lines>
								<line number="57" hits="5" branch="false"/>
								<line number="58" hits="5" branch="false"/>
								<line number="59" hits="5" branch="false"/>
							</lines>
						</method>
						<method name="canEqual" signature="(Ljava/lang/Object;)Z" line-rate="1.0" branch-rate="1.0" complexity="0">
							<lines>
							</lines>
						</method>
						<method name="describeTo" signature="(Lorg/hamcrest/Description;)V" line-rate="0.0" branch-rate="1.0" complexity="0">
							<lines>
								<line number="63" hits="0" branch="false"/>
								<line number="66" hits="0" branch="false"/>
							</lines>
						</method>
						<method name="equals" signature="(Ljava/lang/Object;)Z" line-rate="1.0" branch-rate="1.0" complexity="0">
							<lines>
							</lines>
						</method>
						<method name="hashCode" signature="()I" line-rate="0.0" branch-rate="0.0" complexity="0">
							<lines>
								<line number="44" hits="0" branch="true" condition-coverage="0% (0/14)">
									<conditions>
										<condition number="0" type="jump" coverage="0%"/>
										<condition number="1" type="jump" coverage="0%"/>
										<condition number="2" type="jump" coverage="0%"/>
										<condition number="3" type="jump" coverage="0%"/>
										<condition number="4" type="jump" coverage="0%"/>
										<condition number="5" type="jump" coverage="0%"/>
										<condition number="6" type="jump" coverage="0%"/>
									</conditions>
								</line>
							</lines>
						</method>
						<method name="matchesSafely" signature="(Lcom/jcabi/http/mock/MkQuery;)Z" line-rate="1.0" branch-rate="1.0" complexity="0">
							<lines>
								<line number="70" hits="9" branch="false"/>
							</lines>
						</method>
						<method name="matchesSafely" signature="(Ljava/lang/Object;)Z" line-rate="1.0" branch-rate="1.0" complexity="0">
							<lines>
								<line number="43" hits="9" branch="false"/>
							</lines>
						</method>
						<method name="toString" signature="()Ljava/lang/String;" line-rate="1.0" branch-rate="1.0" complexity="0">
							<lines>
							</lines>
						</method>
					</methods>
					<lines>
						<line number="43" hits="9" branch="false"/>
						<line number="44" hits="0" branch="true" condition-coverage="0% (0/14)">
							<conditions>
								<condition number="0" type="jump" coverage="0%"/>
								<condition number="1" type="jump" coverage="0%"/>
								<condition number="2" type="jump" coverage="0%"/>
								<condition number="3" type="jump" coverage="0%"/>
								<condition number="4" type="jump" coverage="0%"/>
								<condition number="5" type="jump" coverage="0%"/>
								<condition number="6" type="jump" coverage="0%"/>
							</conditions>
						</line>
						<line number="57" hits="5" branch="false"/>
						<line number="58" hits="5" branch="false"/>
						<line number="59" hits="5" branch="false"/>
						<line number="63" hits="0" branch="false"/>
						<line number="66" hits="0" branch="false"/>
						<line number="70" hits="9" branch="false"/>
					</lines>
				</class>
				<class name="com.jcabi.http.mock.MkQueryHeaderMatcher" filename="com/jcabi/http/mock/MkQueryHeaderMatcher.java" line-rate="0.6666666666666666" branch-rate="0.07692307692307693" complexity="1.3333333333333333">
					<methods>
						<method name="&lt;init&gt;" signature="(Ljava/lang/String;Lorg/hamcrest/Matcher;)V" line-rate="1.0" branch-rate="1.0" complexity="0">
							<lines>
								<line number="64" hits="1" branch="false"/>
								<line number="65" hits="1" branch="false"/>
								<line number="66" hits="1" branch="false"/>
								<line number="67" hits="1" branch="false"/>
							</lines>
						</method>
						<method name="canEqual" signature="(Ljava/lang/Object;)Z" line-rate="1.0" branch-rate="1.0" complexity="0">
							<lines>
							</lines>
						</method>
						<method name="describeTo" signature="(Lorg/hamcrest/Description;)V" line-rate="0.0" branch-rate="1.0" complexity="0">
							<lines>
								<line number="71" hits="0" branch="false"/>
								<line number="76" hits="0" branch="false"/>
							</lines>
						</method>
						<method name="equals" signature="(Ljava/lang/Object;)Z" line-rate="1.0" branch-rate="1.0" complexity="0">
							<lines>
							</lines>
						</method>
						<method name="hashCode" signature="()I" line-rate="0.0" branch-rate="0.0" complexity="0">
							<lines>
								<line number="44" hits="0" branch="true" condition-coverage="0% (0/22)">
									<conditions>
										<condition number="0" type="jump" coverage="0%"/>
										<condition number="1" type="jump" coverage="0%"/>
										<condition number="2" type="jump" coverage="0%"/>
										<condition number="3" type="jump" coverage="0%"/>
										<condition number="4" type="jump" coverage="0%"/>
										<condition number="5" type="jump" coverage="0%"/>
										<condition number="6" type="jump" coverage="0%"/>
										<condition number="7" type="jump" coverage="0%"/>
										<condition number="8" type="jump" coverage="0%"/>
										<condition number="9" type="jump" coverage="0%"/>
										<condition number="10" type="jump" coverage="0%"/>
									</conditions>
								</line>
							</lines>
						</method>
						<method name="matchesSafely" signature="(Lcom/jcabi/http/mock/MkQuery;)Z" line-rate="1.0" branch-rate="0.5" complexity="0">
							<lines>
								<line number="80" hits="1" branch="true" condition-coverage="50% (2/4)">
									<conditions>
										<condition number="0" type="jump" coverage="50%"/>
										<condition number="1" type="jump" coverage="50%"/>
									</conditions>
								</line>
							</lines>
						</method>
						<method name="matchesSafely" signature="(Ljava/lang/Object;)Z" line-rate="1.0" branch-rate="1.0" complexity="0">
							<lines>
								<line number="43" hits="1" branch="false"/>
							</lines>
						</method>
						<method name="toString" signature="()Ljava/lang/String;" line-rate="1.0" branch-rate="1.0" complexity="0">
							<lines>
							</lines>
						</method>
					</methods>
					<lines>
						<line number="43" hits="1" branch="false"/>
						<line number="44" hits="0" branch="true" condition-coverage="0% (0/22)">
							<conditions>
								<condition number="0" type="jump" coverage="0%"/>
								<condition number="1" type="jump" coverage="0%"/>
								<condition number="2" type="jump" coverage="0%"/>
								<condition number="3" type="jump" coverage="0%"/>
								<condition number="4" type="jump" coverage="0%"/>
								<condition number="5" type="jump" coverage="0%"/>
								<condition number="6" type="jump" coverage="0%"/>
								<condition number="7" type="jump" coverage="0%"/>
								<condition number="8" type="jump" coverage="0%"/>
								<condition number="9" type="jump" coverage="0%"/>
								<condition number="10" type="jump" coverage="0%"/>
							</conditions>
						</line>
						<line number="64" hits="1" branch="false"/>
						<line number="65" hits="1" branch="false"/>
						<line number="66" hits="1" branch="false"/>
						<line number="67" hits="1" branch="false"/>
						<line number="71" hits="0" branch="false"/>
						<line number="76" hits="0" branch="false"/>
						<line number="80" hits="1" branch="true" condition-coverage="50% (2/4)">
							<conditions>
								<condition number="0" type="jump" coverage="50%"/>
								<condition number="1" type="jump" coverage="50%"/>
							</conditions>
						</line>
					</lines>
				</class>
				<class name="com.jcabi.http.mock.MkQueryMatchers" filename="com/jcabi/http/mock/MkQueryMatchers.java" line-rate="0.5" branch-rate="1.0" complexity="1.0">
					<methods>
						<method name="&lt;init&gt;" signature="()V" line-rate="0.0" branch-rate="1.0" complexity="0">
							<lines>
								<line number="44" hits="0" branch="false"/>
								<line number="46" hits="0" branch="false"/>
							</lines>
						</method>
						<method name="hasBody" signature="(Lorg/hamcrest/Matcher;)Lorg/hamcrest/Matcher;" line-rate="1.0" branch-rate="1.0" complexity="0">
							<lines>
								<line number="55" hits="5" branch="false"/>
							</lines>
						</method>
						<method name="hasHeader" signature="(Ljava/lang/String;Lorg/hamcrest/Matcher;)Lorg/hamcrest/Matcher;" line-rate="1.0" branch-rate="1.0" complexity="0">
							<lines>
								<line number="69" hits="1" branch="false"/>
							</lines>
						</method>
					</methods>
					<lines>
						<line number="44" hits="0" branch="false"/>
						<line number="46" hits="0" branch="false"/>
						<line number="55" hits="5" branch="false"/>
						<line number="69" hits="1" branch="false"/>
					</lines>
				</class>
			</classes>
		</package>
		<package name="com.jcabi.http.request" line-rate="0.7705479452054794" branch-rate="0.35714285714285715" complexity="1.6063829787234043">
			<classes>
				<class name="com.jcabi.http.request.ApacheRequest" filename="com/jcabi/http/request/ApacheRequest.java" line-rate="0.5555555555555556" branch-rate="0.0" complexity="1.2352941176470589">
					<methods>
						<method name="&lt;clinit&gt;" signature="()V" line-rate="1.0" branch-rate="1.0" complexity="0">
							<lines>
								<line number="81" hits="1" branch="false"/>
							</lines>
						</method>
						<method name="&lt;init&gt;" signature="(Ljava/lang/String;)V" line-rate="1.0" branch-rate="1.0" complexity="0">
							<lines>
								<line number="219" hits="17" branch="false"/>
								<line number="220" hits="17" branch="false"/>
								<line number="221" hits="17" branch="false"/>
							</lines>
						</method>
						<method name="&lt;init&gt;" signature="(Ljava/net/URI;)V" line-rate="1.0" branch-rate="1.0" complexity="0">
							<lines>
								<line number="211" hits="17" branch="false"/>
								<line number="212" hits="17" branch="false"/>
							</lines>
						</method>
						<method name="&lt;init&gt;" signature="(Ljava/net/URL;)V" line-rate="0.0" branch-rate="1.0" complexity="0">
							<lines>
								<line number="202" hits="0" branch="false"/>
								<line number="203" hits="0" branch="false"/>
							</lines>
						</method>
						<method name="body" signature="()Lcom/jcabi/http/RequestBody;" line-rate="0.0" branch-rate="1.0" complexity="0">
							<lines>
								<line number="244" hits="0" branch="false"/>
							</lines>
						</method>
						<method name="equals" signature="(Ljava/lang/Object;)Z" line-rate="1.0" branch-rate="1.0" complexity="0">
							<lines>
							</lines>
						</method>
						<method name="fetch" signature="()Lcom/jcabi/http/Response;" line-rate="1.0" branch-rate="1.0" complexity="0">
							<lines>
								<line number="260" hits="1" branch="false"/>
							</lines>
						</method>
						<method name="fetch" signature="(Ljava/io/InputStream;)Lcom/jcabi/http/Response;" line-rate="0.0" branch-rate="1.0" complexity="0">
							<lines>
								<line number="265" hits="0" branch="false"/>
							</lines>
						</method>
						<method name="hashCode" signature="()I" line-rate="0.0" branch-rate="0.0" complexity="0">
							<lines>
								<line number="72" hits="0" branch="true" condition-coverage="0% (0/12)">
									<conditions>
										<condition number="0" type="jump" coverage="0%"/>
										<condition number="1" type="jump" coverage="0%"/>
										<condition number="2" type="jump" coverage="0%"/>
										<condition number="3" type="jump" coverage="0%"/>
										<condition number="4" type="jump" coverage="0%"/>
										<condition number="5" type="jump" coverage="0%"/>
									</conditions>
								</line>
							</lines>
						</method>
						<method name="header" signature="(Ljava/lang/String;Ljava/lang/Object;)Lcom/jcabi/http/Request;" line-rate="0.0" branch-rate="1.0" complexity="0">
							<lines>
								<line number="233" hits="0" branch="false"/>
							</lines>
						</method>
						<method name="method" signature="(Ljava/lang/String;)Lcom/jcabi/http/Request;" line-rate="1.0" branch-rate="1.0" complexity="0">
							<lines>
								<line number="250" hits="11" branch="false"/>
							</lines>
						</method>
						<method name="reset" signature="(Ljava/lang/String;)Lcom/jcabi/http/Request;" line-rate="0.0" branch-rate="1.0" complexity="0">
							<lines>
								<line number="239" hits="0" branch="false"/>
							</lines>
						</method>
						<method name="through" signature="(Ljava/lang/Class;[Ljava/lang/Object;)Lcom/jcabi/http/Request;" line-rate="1.0" branch-rate="1.0" complexity="0">
							<lines>
								<line number="271" hits="2" branch="false"/>
							</lines>
						</method>
						<method name="timeout" signature="(II)Lcom/jcabi/http/Request;" line-rate="0.0" branch-rate="1.0" complexity="0">
							<lines>
								<line number="255" hits="0" branch="false"/>
							</lines>
						</method>
						<method name="uri" signature="()Lcom/jcabi/http/RequestURI;" line-rate="1.0" branch-rate="1.0" complexity="0">
							<lines>
								<line number="226" hits="3" branch="false"/>
							</lines>
						</method>
					</methods>
					<lines>
						<line number="72" hits="0" branch="true" condition-coverage="0% (0/12)">
							<conditions>
								<condition number="0" type="jump" coverage="0%"/>
								<condition number="1" type="jump" coverage="0%"/>
								<condition number="2" type="jump" coverage="0%"/>
								<condition number="3" type="jump" coverage="0%"/>
								<condition number="4" type="jump" coverage="0%"/>
								<condition number="5" type="jump" coverage="0%"/>
							</conditions>
						</line>
						<line number="81" hits="1" branch="false"/>
						<line number="202" hits="0" branch="false"/>
						<line number="203" hits="0" branch="false"/>
						<line number="211" hits="17" branch="false"/>
						<line number="212" hits="17" branch="false"/>
						<line number="219" hits="17" branch="false"/>
						<line number="220" hits="17" branch="false"/>
						<line number="221" hits="17" branch="false"/>
						<line number="226" hits="3" branch="false"/>
						<line number="233" hits="0" branch="false"/>
						<line number="239" hits="0" branch="false"/>
						<line number="244" hits="0" branch="false"/>
						<line number="250" hits="11" branch="false"/>
						<line number="255" hits="0" branch="false"/>
						<line number="260" hits="1" branch="false"/>
						<line number="265" hits="0" branch="false"/>
						<line number="271" hits="2" branch="false"/>
					</lines>
				</class>
				<class name="com.jcabi.http.request.ApacheRequest$1" filename="com/jcabi/http/request/ApacheRequest.java" line-rate="0.9523809523809523" branch-rate="0.8333333333333334" complexity="1.2352941176470589">
					<methods>
						<method name="&lt;init&gt;" signature="()V" line-rate="1.0" branch-rate="1.0" complexity="0">
							<lines>
								<line number="81" hits="1" branch="false"/>
							</lines>
						</method>
						<method name="consume" signature="(Lorg/apache/http/HttpEntity;)[B" line-rate="0.75" branch-rate="0.5" complexity="0">
							<lines>
[...]
								<condition number="5" type="jump" coverage="0%"/>
							</conditions>
						</line>
						<line number="80" hits="0" branch="false"/>
						<line number="81" hits="0" branch="false"/>
						<line number="82" hits="0" branch="false"/>
						<line number="93" hits="0" branch="false"/>
					</lines>
				</class>
				<class name="com.jcabi.http.wire.RetryWire" filename="com/jcabi/http/wire/RetryWire.java" line-rate="0.6875" branch-rate="0.1875" complexity="4.0">
					<methods>
						<method name="&lt;init&gt;" signature="(Lcom/jcabi/http/Wire;)V" line-rate="1.0" branch-rate="1.0" complexity="0">
							<lines>
								<line number="83" hits="1" branch="false"/>
								<line number="84" hits="1" branch="false"/>
								<line number="85" hits="1" branch="false"/>
							</lines>
						</method>
						<method name="equals" signature="(Ljava/lang/Object;)Z" line-rate="1.0" branch-rate="1.0" complexity="0">
							<lines>
							</lines>
						</method>
						<method name="hashCode" signature="()I" line-rate="0.0" branch-rate="0.0" complexity="0">
							<lines>
								<line number="70" hits="0" branch="true" condition-coverage="0% (0/12)">
									<conditions>
										<condition number="0" type="jump" coverage="0%"/>
										<condition number="1" type="jump" coverage="0%"/>
										<condition number="2" type="jump" coverage="0%"/>
										<condition number="3" type="jump" coverage="0%"/>
										<condition number="4" type="jump" coverage="0%"/>
										<condition number="5" type="jump" coverage="0%"/>
									</conditions>
								</line>
							</lines>
						</method>
						<method name="send" signature="(Lcom/jcabi/http/Request;Ljava/lang/String;Ljava/lang/String;Ljava/util/Collection;Ljava/io/InputStream;II)Lcom/jcabi/http/Response;" line-rate="0.7272727272727273" branch-rate="0.75" complexity="0">
							<lines>
								<line number="94" hits="1" branch="false"/>
								<line number="96" hits="3" branch="true" condition-coverage="50% (1/2)">
									<conditions>
										<condition number="0" type="jump" coverage="50%"/>
									</conditions>
								</line>
								<line number="97" hits="0" branch="false"/>
								<line number="102" hits="3" branch="false"/>
								<line number="106" hits="3" branch="true" condition-coverage="100% (2/2)">
									<conditions>
										<condition number="0" type="jump" coverage="100%"/>
									</conditions>
								</line>
								<line number="107" hits="1" branch="false"/>
								<line number="109" hits="2" branch="false"/>
								<line number="113" hits="0" branch="false"/>
								<line number="114" hits="0" branch="false"/>
								<line number="118" hits="2" branch="false"/>
								<line number="119" hits="2" branch="false"/>
							</lines>
						</method>
						<method name="toString" signature="()Ljava/lang/String;" line-rate="0.0" branch-rate="1.0" complexity="0">
							<lines>
								<line number="69" hits="0" branch="false"/>
							</lines>
						</method>
					</methods>
					<lines>
						<line number="69" hits="0" branch="false"/>
						<line number="70" hits="0" branch="true" condition-coverage="0% (0/12)">
							<conditions>
								<condition number="0" type="jump" coverage="0%"/>
								<condition number="1" type="jump" coverage="0%"/>
								<condition number="2" type="jump" coverage="0%"/>
								<condition number="3" type="jump" coverage="0%"/>
								<condition number="4" type="jump" coverage="0%"/>
								<condition number="5" type="jump" coverage="0%"/>
							</conditions>
						</line>
						<line number="83" hits="1" branch="false"/>
						<line number="84" hits="1" branch="false"/>
						<line number="85" hits="1" branch="false"/>
						<line number="94" hits="1" branch="false"/>
						<line number="96" hits="3" branch="true" condition-coverage="50% (1/2)">
							<conditions>
								<condition number="0" type="jump" coverage="50%"/>
							</conditions>
						</line>
						<line number="97" hits="0" branch="false"/>
						<line number="102" hits="3" branch="false"/>
						<line number="106" hits="3" branch="true" condition-coverage="100% (2/2)">
							<conditions>
								<condition number="0" type="jump" coverage="100%"/>
							</conditions>
						</line>
						<line number="107" hits="1" branch="false"/>
						<line number="109" hits="2" branch="false"/>
						<line number="113" hits="0" branch="false"/>
						<line number="114" hits="0" branch="false"/>
						<line number="118" hits="2" branch="false"/>
						<line number="119" hits="2" branch="false"/>
					</lines>
				</class>
				<class name="com.jcabi.http.wire.TrustedWire" filename="com/jcabi/http/wire/TrustedWire.java" line-rate="0.631578947368421" branch-rate="0.0" complexity="2.0">
					<methods>
						<method name="&lt;clinit&gt;" signature="()V" line-rate="1.0" branch-rate="1.0" complexity="0">
							<lines>
								<line number="76" hits="1" branch="false"/>
							</lines>
						</method>
						<method name="&lt;init&gt;" signature="(Lcom/jcabi/http/Wire;)V" line-rate="1.0" branch-rate="1.0" complexity="0">
							<lines>
								<line number="102" hits="1" branch="false"/>
								<line number="103" hits="1" branch="false"/>
								<line number="104" hits="1" branch="false"/>
							</lines>
						</method>
						<method name="context" signature="()Ljavax/net/ssl/SSLContext;" line-rate="0.42857142857142855" branch-rate="1.0" complexity="0">
							<lines>
								<line number="136" hits="1" branch="false"/>
								<line number="137" hits="1" branch="false"/>
								<line number="142" hits="1" branch="false"/>
								<line number="143" hits="0" branch="false"/>
								<line number="144" hits="0" branch="false"/>
								<line number="145" hits="0" branch="false"/>
								<line number="146" hits="0" branch="false"/>
							</lines>
						</method>
						<method name="equals" signature="(Ljava/lang/Object;)Z" line-rate="1.0" branch-rate="1.0" complexity="0">
							<lines>
							</lines>
						</method>
						<method name="hashCode" signature="()I" line-rate="0.0" branch-rate="0.0" complexity="0">
							<lines>
								<line number="70" hits="0" branch="true" condition-coverage="0% (0/12)">
									<conditions>
										<condition number="0" type="jump" coverage="0%"/>
										<condition number="1" type="jump" coverage="0%"/>
										<condition number="2" type="jump" coverage="0%"/>
										<condition number="3" type="jump" coverage="0%"/>
										<condition number="4" type="jump" coverage="0%"/>
										<condition number="5" type="jump" coverage="0%"/>
									</conditions>
								</line>
							</lines>
						</method>
						<method name="send" signature="(Lcom/jcabi/http/Request;Ljava/lang/String;Ljava/lang/String;Ljava/util/Collection;Ljava/io/InputStream;II)Lcom/jcabi/http/Response;" line-rate="0.8333333333333334" branch-rate="1.0" complexity="0">
							<lines>
								<line number="113" hits="1" branch="false"/>
								<line number="114" hits="1" branch="false"/>
								<line number="117" hits="1" branch="false"/>
								<line number="120" hits="1" branch="false"/>
								<line number="125" hits="1" branch="false"/>
								<line number="127" hits="0" branch="false"/>
							</lines>
						</method>
						<method name="toString" signature="()Ljava/lang/String;" line-rate="0.0" branch-rate="1.0" complexity="0">
							<lines>
								<line number="69" hits="0" branch="false"/>
							</lines>
						</method>
					</methods>
					<lines>
						<line number="69" hits="0" branch="false"/>
						<line number="70" hits="0" branch="true" condition-coverage="0% (0/12)">
							<conditions>
								<condition number="0" type="jump" coverage="0%"/>
								<condition number="1" type="jump" coverage="0%"/>
								<condition number="2" type="jump" coverage="0%"/>
								<condition number="3" type="jump" coverage="0%"/>
								<condition number="4" type="jump" coverage="0%"/>
								<condition number="5" type="jump" coverage="0%"/>
							</conditions>
						</line>
						<line number="76" hits="1" branch="false"/>
						<line number="102" hits="1" branch="false"/>
						<line number="103" hits="1" branch="false"/>
						<line number="104" hits="1" branch="false"/>
						<line number="113" hits="1" branch="false"/>
						<line number="114" hits="1" branch="false"/>
						<line number="117" hits="1" branch="false"/>
						<line number="120" hits="1" branch="false"/>
						<line number="125" hits="1" branch="false"/>
						<line number="127" hits="0" branch="false"/>
						<line number="136" hits="1" branch="false"/>
						<line number="137" hits="1" branch="false"/>
						<line number="142" hits="1" branch="false"/>
						<line number="143" hits="0" branch="false"/>
						<line number="144" hits="0" branch="false"/>
						<line number="145" hits="0" branch="false"/>
						<line number="146" hits="0" branch="false"/>
					</lines>
				</class>
				<class name="com.jcabi.http.wire.TrustedWire$1" filename="com/jcabi/http/wire/TrustedWire.java" line-rate="0.25" branch-rate="1.0" complexity="2.0">
					<methods>
						<method name="&lt;init&gt;" signature="()V" line-rate="1.0" branch-rate="1.0" complexity="0">
							<lines>
								<line number="76" hits="1" branch="false"/>
							</lines>
						</method>
						<method name="checkClientTrusted" signature="([Ljava/security/cert/X509Certificate;Ljava/lang/String;)V" line-rate="0.0" branch-rate="1.0" complexity="0">
							<lines>
								<line number="85" hits="0" branch="false"/>
							</lines>
						</method>
						<method name="checkServerTrusted" signature="([Ljava/security/cert/X509Certificate;Ljava/lang/String;)V" line-rate="0.0" branch-rate="1.0" complexity="0">
							<lines>
								<line number="90" hits="0" branch="false"/>
							</lines>
						</method>
						<method name="getAcceptedIssuers" signature="()[Ljava/security/cert/X509Certificate;" line-rate="0.0" branch-rate="1.0" complexity="0">
							<lines>
								<line number="79" hits="0" branch="false"/>
							</lines>
						</method>
					</methods>
					<lines>
						<line number="76" hits="1" branch="false"/>
						<line number="79" hits="0" branch="false"/>
						<line number="85" hits="0" branch="false"/>
						<line number="90" hits="0" branch="false"/>
					</lines>
				</class>
				<class name="com.jcabi.http.wire.UserAgentWire" filename="com/jcabi/http/wire/UserAgentWire.java" line-rate="0.8125" branch-rate="0.2222222222222222" complexity="2.5">
					<methods>
						<method name="&lt;clinit&gt;" signature="()V" line-rate="1.0" branch-rate="1.0" complexity="0">
							<lines>
								<line number="80" hits="1" branch="false"/>
							</lines>
						</method>
						<method name="&lt;init&gt;" signature="(Lcom/jcabi/http/Wire;)V" line-rate="1.0" branch-rate="1.0" complexity="0">
							<lines>
								<line number="97" hits="3" branch="false"/>
								<line number="98" hits="3" branch="false"/>
								<line number="99" hits="3" branch="false"/>
							</lines>
						</method>
						<method name="equals" signature="(Ljava/lang/Object;)Z" line-rate="1.0" branch-rate="1.0" complexity="0">
							<lines>
							</lines>
						</method>
						<method name="hashCode" signature="()I" line-rate="0.0" branch-rate="0.0" complexity="0">
							<lines>
								<line number="74" hits="0" branch="true" condition-coverage="0% (0/12)">
									<conditions>
										<condition number="0" type="jump" coverage="0%"/>
										<condition number="1" type="jump" coverage="0%"/>
										<condition number="2" type="jump" coverage="0%"/>
										<condition number="3" type="jump" coverage="0%"/>
										<condition number="4" type="jump" coverage="0%"/>
										<condition number="5" type="jump" coverage="0%"/>
									</conditions>
								</line>
							</lines>
						</method>
						<method name="send" signature="(Lcom/jcabi/http/Request;Ljava/lang/String;Ljava/lang/String;Ljava/util/Collection;Ljava/io/InputStream;II)Lcom/jcabi/http/Response;" line-rate="0.9" branch-rate="0.6666666666666666" complexity="0">
							<lines>
								<line number="109" hits="3" branch="false"/>
								<line number="111" hits="3" branch="false"/>
								<line number="112" hits="3" branch="true" condition-coverage="100% (2/2)">
									<conditions>
										<condition number="0" type="jump" coverage="100%"/>
									</conditions>
								</line>
								<line number="113" hits="2" branch="false"/>
								<line number="114" hits="2" branch="true" condition-coverage="50% (1/2)">
									<conditions>
										<condition number="0" type="jump" coverage="50%"/>
									</conditions>
								</line>
								<line number="115" hits="0" branch="false"/>
								<line number="117" hits="2" branch="false"/>
								<line number="118" hits="3" branch="true" condition-coverage="50% (1/2)">
									<conditions>
										<condition number="0" type="jump" coverage="50%"/>
									</conditions>
								</line>
								<line number="119" hits="3" branch="false"/>
								<line number="126" hits="3" branch="false"/>
							</lines>
						</method>
						<method name="toString" signature="()Ljava/lang/String;" line-rate="0.0" branch-rate="1.0" complexity="0">
							<lines>
								<line number="73" hits="0" branch="false"/>
							</lines>
						</method>
					</methods>
					<lines>
						<line number="73" hits="0" branch="false"/>
						<line number="74" hits="0" branch="true" condition-coverage="0% (0/12)">
							<conditions>
								<condition number="0" type="jump" coverage="0%"/>
								<condition number="1" type="jump" coverage="0%"/>
								<condition number="2" type="jump" coverage="0%"/>
								<condition number="3" type="jump" coverage="0%"/>
								<condition number="4" type="jump" coverage="0%"/>
								<condition number="5" type="jump" coverage="0%"/>
							</conditions>
						</line>
						<line number="80" hits="1" branch="false"/>
						<line number="97" hits="3" branch="false"/>
						<line number="98" hits="3" branch="false"/>
						<line number="99" hits="3" branch="false"/>
						<line number="109" hits="3" branch="false"/>
						<line number="111" hits="3" branch="false"/>
						<line number="112" hits="3" branch="true" condition-coverage="100% (2/2)">
							<conditions>
								<condition number="0" type="jump" coverage="100%"/>
							</conditions>
						</line>
						<line number="113" hits="2" branch="false"/>
						<line number="114" hits="2" branch="true" condition-coverage="50% (1/2)">
							<conditions>
								<condition number="0" type="jump" coverage="50%"/>
							</conditions>
						</line>
						<line number="115" hits="0" branch="false"/>
						<line number="117" hits="2" branch="false"/>
						<line number="118" hits="3" branch="true" condition-coverage="50% (1/2)">
							<conditions>
								<condition number="0" type="jump" coverage="50%"/>
							</conditions>
						</line>
						<line number="119" hits="3" branch="false"/>
						<line number="126" hits="3" branch="false"/>
					</lines>
				</class>
				<class name="com.jcabi.http.wire.VerboseWire" filename="com/jcabi/http/wire/VerboseWire.java" line-rate="0.9" branch-rate="0.25" complexity="1.6666666666666667">
					<methods>
						<method name="&lt;init&gt;" signature="(Lcom/jcabi/http/Wire;)V" line-rate="1.0" branch-rate="1.0" complexity="0">
							<lines>
								<line number="82" hits="13" branch="false"/>
								<line number="83" hits="13" branch="false"/>
								<line number="84" hits="13" branch="false"/>
							</lines>
						</method>
						<method name="equals" signature="(Ljava/lang/Object;)Z" line-rate="1.0" branch-rate="1.0" complexity="0">
							<lines>
							</lines>
						</method>
						<method name="hashCode" signature="()I" line-rate="0.0" branch-rate="0.0" complexity="0">
							<lines>
								<line number="69" hits="0" branch="true" condition-coverage="0% (0/12)">
									<conditions>
										<condition number="0" type="jump" coverage="0%"/>
										<condition number="1" type="jump" coverage="0%"/>
										<condition number="2" type="jump" coverage="0%"/>
										<condition number="3" type="jump" coverage="0%"/>
										<condition number="4" type="jump" coverage="0%"/>
										<condition number="5" type="jump" coverage="0%"/>
									</conditions>
								</line>
							</lines>
						</method>
						<method name="indent" signature="(Ljava/lang/String;)Ljava/lang/String;" line-rate="1.0" branch-rate="1.0" complexity="0">
							<lines>
								<line number="134" hits="40" branch="false"/>
							</lines>
						</method>
						<method name="send" signature="(Lcom/jcabi/http/Request;Ljava/lang/String;Ljava/lang/String;Ljava/util/Collection;Ljava/io/InputStream;II)Lcom/jcabi/http/Response;" line-rate="1.0" branch-rate="1.0" complexity="0">
							<lines>
								<line number="94" hits="20" branch="false"/>
								<line number="95" hits="20" branch="false"/>
								<line number="96" hits="20" branch="true" condition-coverage="100% (2/2)">
									<conditions>
										<condition number="0" type="jump" coverage="100%"/>
									</conditions>
								</line>
								<line number="97" hits="6" branch="false"/>
								<line number="98" hits="6" branch="false"/>
								<line number="100" hits="20" branch="false"/>
								<line number="101" hits="20" branch="false"/>
								<line number="106" hits="20" branch="false"/>
								<line number="107" hits="20" branch="true" condition-coverage="100% (2/2)">
									<conditions>
										<condition number="0" type="jump" coverage="100%"/>
									</conditions>
								</line>
								<line number="108" hits="7" branch="false"/>
								<line number="112" hits="7" branch="false"/>
								<line number="113" hits="20" branch="false"/>
								<line number="116" hits="20" branch="false"/>
								<line number="125" hits="20" branch="false"/>
							</lines>
						</method>
						<method name="toString" signature="()Ljava/lang/String;" line-rate="0.0" branch-rate="1.0" complexity="0">
							<lines>
								<line number="68" hits="0" branch="false"/>
							</lines>
						</method>
					</methods>
					<lines>
						<line number="68" hits="0" branch="false"/>
						<line number="69" hits="0" branch="true" condition-coverage="0% (0/12)">
							<conditions>
								<condition number="0" type="jump" coverage="0%"/>
								<condition number="1" type="jump" coverage="0%"/>
								<condition number="2" type="jump" coverage="0%"/>
								<condition number="3" type="jump" coverage="0%"/>
								<condition number="4" type="jump" coverage="0%"/>
								<condition number="5" type="jump" coverage="0%"/>
							</conditions>
						</line>
						<line number="82" hits="13" branch="false"/>
						<line number="83" hits="13" branch="false"/>
						<line number="84" hits="13" branch="false"/>
						<line number="94" hits="20" branch="false"/>
						<line number="95" hits="20" branch="false"/>
						<line number="96" hits="20" branch="true" condition-coverage="100% (2/2)">
							<conditions>
								<condition number="0" type="jump" coverage="100%"/>
							</conditions>
						</line>
						<line number="97" hits="6" branch="false"/>
						<line number="98" hits="6" branch="false"/>
						<line number="100" hits="20" branch="false"/>
						<line number="101" hits="20" branch="false"/>
						<line number="106" hits="20" branch="false"/>
						<line number="107" hits="20" branch="true" condition-coverage="100% (2/2)">
							<conditions>
								<condition number="0" type="jump" coverage="100%"/>
							</conditions>
						</line>
						<line number="108" hits="7" branch="false"/>
						<line number="112" hits="7" branch="false"/>
						<line number="113" hits="20" branch="false"/>
						<line number="116" hits="20" branch="false"/>
						<line number="125" hits="20" branch="false"/>
						<line number="134" hits="40" branch="false"/>
					</lines>
				</class>
			</classes>
		</package>
	</packages>
</coverage>
